2024-12-15 11:01:17,509 - __main__ - INFO - Инициализация
2024-12-15 11:01:17,607 - __main__ - INFO - Запуск
2024-12-15 11:04:25,335 - __main__ - INFO - Инициализация
2024-12-15 11:04:25,419 - __main__ - INFO - Запуск
2024-12-15 11:06:13,293 - __main__ - INFO - Инициализация
2024-12-15 11:06:13,452 - __main__ - INFO - Запуск
2024-12-15 11:08:26,958 - __main__ - INFO - Инициализация
2024-12-15 11:08:27,071 - __main__ - INFO - Запуск
2024-12-15 11:10:19,944 - __main__ - INFO - Инициализация
2024-12-15 11:10:20,030 - __main__ - INFO - Запуск
2024-12-15 11:17:19,721 - __main__ - INFO - Инициализация
2024-12-15 11:17:19,810 - __main__ - INFO - Запуск
2024-12-15 11:18:58,846 - __main__ - INFO - Инициализация
2024-12-15 11:18:58,917 - __main__ - INFO - Запуск
2024-12-15 11:20:22,532 - __main__ - INFO - Инициализация
2024-12-15 11:20:22,760 - __main__ - INFO - Запуск
2024-12-15 11:20:59,795 - __main__ - INFO - Инициализация
2024-12-15 11:20:59,867 - __main__ - INFO - Запуск
2024-12-15 11:22:39,600 - __main__ - INFO - Инициализация
2024-12-15 11:22:39,686 - __main__ - INFO - Запуск
2024-12-15 11:23:03,528 - __main__ - INFO - Инициализация
2024-12-15 11:23:03,607 - __main__ - INFO - Запуск
2024-12-15 11:25:29,760 - __main__ - INFO - Инициализация
2024-12-15 11:25:29,835 - __main__ - INFO - Запуск
2024-12-15 11:26:07,522 - __main__ - INFO - Инициализация
2024-12-15 11:26:07,597 - __main__ - INFO - Запуск
2024-12-15 11:26:37,833 - __main__ - INFO - Инициализация
2024-12-15 11:26:37,942 - __main__ - INFO - Запуск
2024-12-15 11:26:58,899 - __main__ - INFO - Инициализация
2024-12-15 11:26:58,993 - __main__ - INFO - Запуск
2024-12-15 11:27:49,070 - __main__ - INFO - Инициализация
2024-12-15 11:27:49,331 - __main__ - INFO - Запуск
2024-12-15 11:28:44,428 - __main__ - INFO - Инициализация
2024-12-15 11:28:44,532 - __main__ - INFO - Запуск
2024-12-15 11:28:57,695 - __main__ - INFO - Инициализация
2024-12-15 11:28:57,863 - __main__ - INFO - Запуск
2024-12-15 11:29:38,781 - __main__ - INFO - Инициализация
2024-12-15 11:29:38,873 - __main__ - INFO - Запуск
2024-12-15 11:32:34,116 - __main__ - INFO - Инициализация
2024-12-15 11:32:34,225 - __main__ - INFO - Запуск
2024-12-15 11:34:10,967 - __main__ - INFO - Инициализация
2024-12-15 11:34:11,172 - __main__ - INFO - Запуск
2024-12-15 11:34:28,936 - __main__ - INFO - Инициализация
2024-12-15 11:34:29,028 - __main__ - INFO - Запуск
2024-12-15 12:26:16,308 - __main__ - INFO - Инициализация
2024-12-15 12:26:16,426 - __main__ - INFO - Запуск
2024-12-15 12:29:09,217 - __main__ - INFO - Инициализация
2024-12-15 12:29:09,330 - __main__ - INFO - Запуск
2024-12-15 12:36:01,910 - __main__ - INFO - Инициализация
2024-12-15 12:36:02,325 - __main__ - INFO - Запуск
2024-12-15 12:43:33,420 - __main__ - INFO - Инициализация
2024-12-15 12:43:33,559 - __main__ - INFO - Запуск
2024-12-16 08:18:40,027 - __main__ - INFO - Инициализация
2024-12-16 08:18:40,267 - __main__ - INFO - Запуск
2024-12-16 08:20:31,281 - __main__ - INFO - Инициализация
2024-12-16 08:20:31,394 - __main__ - INFO - Запуск
2024-12-16 08:22:53,205 - __main__ - INFO - Инициализация
2024-12-16 08:22:53,318 - __main__ - INFO - Запуск
2024-12-16 08:24:51,948 - __main__ - INFO - Инициализация
2024-12-16 08:24:52,101 - __main__ - INFO - Запуск
2024-12-16 08:30:07,183 - __main__ - INFO - Инициализация
2024-12-16 08:30:07,288 - __main__ - INFO - Запуск
2024-12-16 08:30:49,483 - __main__ - INFO - Инициализация
2024-12-16 08:30:49,594 - __main__ - INFO - Запуск
2024-12-16 08:32:14,709 - __main__ - INFO - Инициализация
2024-12-16 08:32:14,816 - __main__ - INFO - Запуск
2024-12-16 08:32:16,426 - src.bot.handlers.clients.get_bonus_handler - ERROR - 'int' object has no attribute 'balance'
2024-12-16 08:32:23,565 - src.bot.handlers.clients.get_bonus_handler - ERROR - 'int' object has no attribute 'balance'
2024-12-16 08:33:15,342 - __main__ - INFO - Инициализация
2024-12-16 08:33:15,446 - __main__ - INFO - Запуск
2024-12-16 08:33:16,973 - src.bot.handlers.clients.get_bonus_handler - ERROR - 'int' object has no attribute 'balance'
2024-12-16 08:34:41,992 - __main__ - INFO - Инициализация
2024-12-16 08:34:42,130 - __main__ - INFO - Запуск
2024-12-16 08:34:47,286 - src.bot.handlers.clients.get_bonus_handler - ERROR - 'int' object has no attribute 'balance'
2024-12-16 08:35:12,177 - __main__ - INFO - Инициализация
2024-12-16 08:35:12,270 - __main__ - INFO - Запуск
2024-12-16 08:35:13,575 - src.bot.handlers.clients.get_bonus_handler - ERROR - 'int' object has no attribute 'balance'
2024-12-16 08:36:29,864 - __main__ - INFO - Инициализация
2024-12-16 08:36:29,984 - __main__ - INFO - Запуск
2024-12-16 08:36:30,292 - src.bot.handlers.clients.get_bonus_handler - ERROR - 'int' object has no attribute 'balance'
2024-12-16 08:36:31,936 - src.bot.handlers.clients.get_bonus_handler - ERROR - 'int' object has no attribute 'balance'
2024-12-16 08:37:03,026 - __main__ - INFO - Инициализация
2024-12-16 08:37:03,145 - __main__ - INFO - Запуск
2024-12-16 08:37:04,466 - src.bot.handlers.clients.get_bonus_handler - ERROR - 'int' object has no attribute 'balance'
2024-12-16 08:38:37,121 - __main__ - INFO - Инициализация
2024-12-16 08:38:37,287 - __main__ - INFO - Запуск
2024-12-16 08:41:41,296 - __main__ - INFO - Инициализация
2024-12-16 08:41:41,401 - __main__ - INFO - Запуск
2024-12-16 08:42:49,075 - __main__ - INFO - Инициализация
2024-12-16 08:42:49,227 - __main__ - INFO - Запуск
2024-12-16 08:44:26,740 - __main__ - INFO - Инициализация
2024-12-16 08:44:26,877 - __main__ - INFO - Запуск
2024-12-16 08:49:08,211 - __main__ - INFO - Инициализация
2024-12-16 08:49:08,324 - __main__ - INFO - Запуск
2024-12-16 08:50:54,610 - __main__ - INFO - Инициализация
2024-12-16 08:50:54,686 - __main__ - INFO - Запуск
2024-12-16 08:55:35,845 - __main__ - INFO - Инициализация
2024-12-16 08:55:35,956 - __main__ - INFO - Запуск
2024-12-16 09:34:41,417 - __main__ - INFO - Инициализация
2024-12-16 09:34:41,562 - __main__ - INFO - Запуск
2024-12-16 09:35:45,766 - __main__ - INFO - Инициализация
2024-12-16 09:35:45,854 - __main__ - INFO - Запуск
2024-12-16 09:36:46,462 - __main__ - INFO - Инициализация
2024-12-16 09:36:46,609 - __main__ - INFO - Запуск
2024-12-16 09:37:06,087 - __main__ - INFO - Инициализация
2024-12-16 09:37:06,214 - __main__ - INFO - Запуск
2024-12-16 09:37:27,802 - __main__ - INFO - Инициализация
2024-12-16 09:37:27,897 - __main__ - INFO - Запуск
2024-12-16 09:37:30,772 - src.bot.handlers.clients.get_bonus_handler - ERROR - 'int' object has no attribute 'balance'
2024-12-16 09:37:32,720 - src.bot.handlers.clients.get_bonus_handler - ERROR - 'int' object has no attribute 'balance'
2024-12-16 09:37:44,033 - src.bot.handlers.clients.get_bonus_handler - ERROR - 'int' object has no attribute 'balance'
2024-12-16 09:38:04,094 - __main__ - INFO - Инициализация
2024-12-16 09:38:04,196 - __main__ - INFO - Запуск
2024-12-16 09:38:04,945 - src.bot.handlers.clients.get_bonus_handler - ERROR - 'int' object has no attribute 'balance'
2024-12-16 09:39:10,267 - __main__ - INFO - Инициализация
2024-12-16 09:39:10,392 - __main__ - INFO - Запуск
2024-12-16 09:39:11,342 - src.bot.handlers.clients.get_bonus_handler - ERROR - 'int' object has no attribute 'balance'
2024-12-16 09:39:29,948 - __main__ - INFO - Инициализация
2024-12-16 09:39:30,090 - __main__ - INFO - Запуск
2024-12-16 09:39:31,329 - src.bot.handlers.clients.get_bonus_handler - ERROR - 'int' object has no attribute 'balance'
2024-12-16 09:41:12,081 - __main__ - INFO - Инициализация
2024-12-16 09:41:12,181 - __main__ - INFO - Запуск
2024-12-16 09:41:16,947 - src.bot.handlers.clients.get_bonus_handler - ERROR - 'int' object has no attribute 'balance'
2024-12-16 09:42:01,083 - __main__ - INFO - Инициализация
2024-12-16 09:42:01,235 - __main__ - INFO - Запуск
2024-12-16 09:42:03,543 - src.bot.handlers.clients.get_bonus_handler - ERROR - 'int' object has no attribute 'balance'
2024-12-16 09:42:39,407 - src.bot.handlers.clients.get_bonus_handler - ERROR - 'int' object has no attribute 'balance'
2024-12-16 09:57:04,524 - __main__ - INFO - Инициализация
2024-12-16 09:57:04,637 - __main__ - INFO - Запуск
2024-12-16 09:57:12,460 - src.bot.handlers.clients.get_bonus_handler - ERROR - add_balance() got an unexpected keyword argument 'user'
2024-12-16 09:57:38,102 - __main__ - INFO - Инициализация
2024-12-16 09:57:38,281 - __main__ - INFO - Запуск
2024-12-16 09:59:46,317 - __main__ - INFO - Инициализация
2024-12-16 09:59:46,485 - __main__ - INFO - Запуск
2024-12-16 10:00:21,352 - __main__ - INFO - Инициализация
2024-12-16 10:00:21,518 - __main__ - INFO - Запуск
2024-12-16 10:10:26,213 - __main__ - INFO - Инициализация
2024-12-16 10:10:26,316 - __main__ - INFO - Запуск
2024-12-16 21:26:09,602 - __main__ - INFO - Инициализация
2024-12-16 21:26:09,769 - __main__ - INFO - Запуск
2024-12-16 21:28:11,740 - __main__ - INFO - Инициализация
2024-12-16 21:28:11,831 - __main__ - INFO - Запуск
2024-12-16 21:31:19,539 - __main__ - INFO - Инициализация
2024-12-16 21:31:19,747 - __main__ - INFO - Запуск
2024-12-16 21:35:09,975 - __main__ - INFO - Инициализация
2024-12-16 21:35:10,134 - __main__ - INFO - Запуск
2024-12-16 21:42:28,630 - __main__ - INFO - Инициализация
2024-12-16 21:42:28,741 - __main__ - INFO - Запуск
2024-12-16 21:44:40,921 - __main__ - INFO - Инициализация
2024-12-16 21:44:41,073 - __main__ - INFO - Запуск
2024-12-16 21:45:07,585 - __main__ - INFO - Инициализация
2024-12-16 21:45:07,692 - __main__ - INFO - Запуск
2024-12-16 21:46:29,178 - __main__ - INFO - Инициализация
2024-12-16 21:46:29,293 - __main__ - INFO - Запуск
2024-12-17 06:50:45,290 - __main__ - INFO - Инициализация
2024-12-17 06:50:45,825 - __main__ - INFO - Запуск
2024-12-17 06:51:19,311 - __main__ - INFO - Инициализация
2024-12-17 06:51:19,847 - __main__ - INFO - Запуск
2024-12-17 07:03:51,201 - __main__ - INFO - Инициализация
2024-12-17 07:03:51,774 - __main__ - INFO - Запуск
2024-12-17 07:08:15,688 - __main__ - INFO - Инициализация
2024-12-17 07:08:16,241 - __main__ - INFO - Запуск
2024-12-17 07:12:21,318 - __main__ - INFO - Инициализация
2024-12-17 07:12:21,965 - __main__ - INFO - Запуск
2024-12-17 07:12:48,423 - __main__ - INFO - Инициализация
2024-12-17 07:12:49,005 - __main__ - INFO - Запуск
2024-12-17 07:15:41,650 - __main__ - INFO - Инициализация
2024-12-17 07:15:42,283 - __main__ - INFO - Запуск
2024-12-17 07:17:07,724 - __main__ - INFO - Инициализация
2024-12-17 07:17:08,260 - __main__ - INFO - Запуск
2024-12-17 07:20:49,789 - __main__ - INFO - Инициализация
2024-12-17 07:20:50,307 - __main__ - INFO - Запуск
2024-12-17 07:32:26,831 - __main__ - INFO - Инициализация
2024-12-17 07:32:27,368 - __main__ - INFO - Запуск
2024-12-17 07:35:54,005 - __main__ - INFO - Инициализация
2024-12-17 07:35:54,535 - __main__ - INFO - Запуск
2024-12-17 07:38:03,041 - __main__ - INFO - Инициализация
2024-12-17 07:38:03,570 - __main__ - INFO - Запуск
2024-12-17 07:39:01,514 - __main__ - INFO - Инициализация
2024-12-17 07:39:01,964 - __main__ - INFO - Запуск
2024-12-17 11:00:44,208 - __main__ - INFO - Инициализация
2024-12-17 11:00:44,290 - __main__ - INFO - Запуск
2024-12-17 11:01:58,883 - __main__ - INFO - Инициализация
2024-12-17 11:01:59,032 - __main__ - INFO - Запуск
2024-12-17 11:02:44,772 - __main__ - INFO - Инициализация
2024-12-17 11:02:44,853 - __main__ - INFO - Запуск
2024-12-17 11:06:20,377 - __main__ - INFO - Инициализация
2024-12-17 11:06:20,461 - __main__ - INFO - Запуск
2024-12-17 13:05:31,530 - __main__ - INFO - Инициализация
2024-12-17 13:05:31,659 - __main__ - INFO - Запуск
2024-12-17 13:13:45,487 - __main__ - INFO - Инициализация
2024-12-17 13:13:45,604 - __main__ - INFO - Запуск
2024-12-17 14:21:23,475 - __main__ - INFO - Инициализация
2024-12-17 14:21:23,689 - __main__ - INFO - Запуск
2024-12-17 14:28:50,529 - __main__ - INFO - Инициализация
2024-12-17 14:28:50,693 - __main__ - INFO - Запуск
2024-12-17 14:29:55,964 - __main__ - INFO - Инициализация
2024-12-17 14:29:56,155 - __main__ - INFO - Запуск
2024-12-17 14:33:40,281 - __main__ - INFO - Инициализация
2024-12-17 14:33:40,474 - __main__ - INFO - Запуск
2024-12-17 14:34:06,021 - __main__ - INFO - Инициализация
2024-12-17 14:34:06,167 - __main__ - INFO - Запуск
2024-12-17 14:35:27,073 - __main__ - INFO - Инициализация
2024-12-17 14:35:27,240 - __main__ - INFO - Запуск
2024-12-17 14:40:00,531 - __main__ - INFO - Инициализация
2024-12-17 14:40:00,707 - __main__ - INFO - Запуск
2024-12-17 14:48:41,739 - __main__ - INFO - Инициализация
2024-12-17 14:48:41,837 - __main__ - INFO - Запуск
2024-12-17 14:57:30,731 - __main__ - INFO - Инициализация
2024-12-17 14:57:30,818 - __main__ - INFO - Запуск
2024-12-17 14:58:04,460 - __main__ - INFO - Инициализация
2024-12-17 14:58:04,600 - __main__ - INFO - Запуск
2024-12-17 15:12:10,051 - __main__ - INFO - Инициализация
2024-12-17 15:12:10,148 - __main__ - INFO - Запуск
2024-12-17 15:22:41,601 - __main__ - INFO - Инициализация
2024-12-17 15:22:41,691 - __main__ - INFO - Запуск
2024-12-17 15:24:52,344 - __main__ - INFO - Инициализация
2024-12-17 15:24:52,524 - __main__ - INFO - Запуск
2024-12-17 15:27:23,820 - __main__ - INFO - Инициализация
2024-12-17 15:27:23,894 - __main__ - INFO - Запуск
2024-12-17 15:34:47,635 - __main__ - INFO - Инициализация
2024-12-17 15:34:47,742 - __main__ - INFO - Запуск
2024-12-17 15:38:39,885 - __main__ - INFO - Инициализация
2024-12-17 15:38:40,006 - __main__ - INFO - Запуск
2024-12-17 15:41:01,860 - __main__ - INFO - Инициализация
2024-12-17 15:41:02,321 - __main__ - INFO - Запуск
2024-12-17 16:09:46,382 - __main__ - INFO - Инициализация
2024-12-17 16:09:46,524 - __main__ - INFO - Запуск
2024-12-17 16:12:48,955 - __main__ - INFO - Инициализация
2024-12-17 16:12:49,146 - __main__ - INFO - Запуск
2024-12-17 16:16:10,377 - __main__ - INFO - Инициализация
2024-12-17 16:16:10,563 - __main__ - INFO - Запуск
2024-12-17 16:17:46,908 - __main__ - INFO - Инициализация
2024-12-17 16:17:47,094 - __main__ - INFO - Запуск
2024-12-17 16:19:57,620 - __main__ - INFO - Инициализация
2024-12-17 16:19:57,917 - __main__ - INFO - Запуск
2024-12-17 16:23:56,881 - __main__ - INFO - Инициализация
2024-12-17 16:23:57,042 - __main__ - INFO - Запуск
2024-12-17 16:25:07,912 - __main__ - INFO - Инициализация
2024-12-17 16:25:08,040 - __main__ - INFO - Запуск
2024-12-17 16:26:33,758 - __main__ - INFO - Инициализация
2024-12-17 16:26:33,905 - __main__ - INFO - Запуск
2024-12-17 16:27:25,861 - __main__ - INFO - Инициализация
2024-12-17 16:27:25,975 - __main__ - INFO - Запуск
2024-12-17 16:32:44,066 - __main__ - INFO - Инициализация
2024-12-17 16:32:44,185 - __main__ - INFO - Запуск
2024-12-17 16:44:17,238 - __main__ - INFO - Инициализация
2024-12-17 16:44:17,345 - __main__ - INFO - Запуск
2024-12-17 16:46:33,981 - __main__ - INFO - Инициализация
2024-12-17 16:46:34,200 - __main__ - INFO - Запуск
2024-12-17 16:46:58,583 - __main__ - INFO - Инициализация
2024-12-17 16:46:58,726 - __main__ - INFO - Запуск
2024-12-17 16:47:53,062 - __main__ - INFO - Инициализация
2024-12-17 16:47:53,388 - __main__ - INFO - Запуск
2024-12-17 16:48:06,310 - __main__ - INFO - Инициализация
2024-12-17 16:48:06,518 - __main__ - INFO - Запуск
2024-12-17 16:53:10,015 - __main__ - INFO - Инициализация
2024-12-17 16:53:10,131 - __main__ - INFO - Запуск
2024-12-17 17:05:38,340 - __main__ - INFO - Инициализация
2024-12-17 17:05:38,476 - __main__ - INFO - Запуск
2024-12-17 17:07:53,922 - __main__ - INFO - Инициализация
2024-12-17 17:07:54,023 - __main__ - INFO - Запуск
2024-12-17 17:14:35,349 - __main__ - INFO - Инициализация
2024-12-17 17:14:35,449 - __main__ - INFO - Запуск
2024-12-17 19:06:49,018 - __main__ - INFO - Инициализация
2024-12-17 19:06:49,131 - __main__ - INFO - Запуск
2024-12-17 19:08:03,481 - __main__ - INFO - Инициализация
2024-12-17 19:08:03,639 - __main__ - INFO - Запуск
2024-12-17 19:10:01,239 - __main__ - INFO - Инициализация
2024-12-17 19:10:01,368 - __main__ - INFO - Запуск
2024-12-17 19:10:07,521 - __main__ - INFO - Инициализация
2024-12-17 19:10:07,604 - __main__ - INFO - Запуск
2024-12-17 19:10:46,056 - __main__ - INFO - Инициализация
2024-12-17 19:10:46,230 - __main__ - INFO - Запуск
2024-12-17 19:11:11,104 - __main__ - INFO - Инициализация
2024-12-17 19:11:11,178 - __main__ - INFO - Запуск
2024-12-17 19:12:28,835 - __main__ - INFO - Инициализация
2024-12-17 19:12:28,927 - __main__ - INFO - Запуск
2024-12-17 19:14:48,268 - __main__ - INFO - Инициализация
2024-12-17 19:14:48,868 - __main__ - INFO - Запуск
2024-12-17 19:15:23,266 - __main__ - INFO - Инициализация
2024-12-17 19:15:23,589 - __main__ - INFO - Запуск
2024-12-17 19:21:04,857 - __main__ - INFO - Инициализация
2024-12-17 19:21:04,969 - __main__ - INFO - Запуск
2024-12-17 19:22:43,412 - __main__ - INFO - Инициализация
2024-12-17 19:22:43,620 - __main__ - INFO - Запуск
2024-12-17 19:31:05,593 - __main__ - INFO - Инициализация
2024-12-17 19:31:05,798 - __main__ - INFO - Запуск
2024-12-17 19:40:40,099 - __main__ - INFO - Инициализация
2024-12-17 19:40:40,194 - __main__ - INFO - Запуск
2024-12-17 19:44:58,403 - __main__ - INFO - Инициализация
2024-12-17 19:44:58,622 - __main__ - INFO - Запуск
2024-12-17 19:45:53,542 - __main__ - INFO - Инициализация
2024-12-17 19:45:53,685 - __main__ - INFO - Запуск
2024-12-17 20:21:57,005 - __main__ - INFO - Инициализация
2024-12-17 20:21:57,109 - __main__ - INFO - Запуск
2024-12-17 22:23:00,050 - __main__ - INFO - Инициализация
2024-12-17 22:23:00,170 - __main__ - INFO - Запуск
2024-12-17 23:04:39,103 - __main__ - INFO - Инициализация
2024-12-17 23:04:39,258 - __main__ - INFO - Запуск
2024-12-17 23:05:14,219 - __main__ - INFO - Инициализация
2024-12-17 23:05:14,361 - __main__ - INFO - Запуск
2024-12-17 23:18:05,922 - __main__ - INFO - Инициализация
2024-12-17 23:18:06,051 - __main__ - INFO - Запуск
2024-12-17 23:24:33,561 - __main__ - INFO - Инициализация
2024-12-17 23:24:33,640 - __main__ - INFO - Запуск
2024-12-17 23:29:01,162 - __main__ - INFO - Инициализация
2024-12-17 23:29:01,246 - __main__ - INFO - Запуск
2024-12-17 23:31:54,095 - __main__ - INFO - Инициализация
2024-12-17 23:31:54,178 - __main__ - INFO - Запуск
2024-12-17 23:34:09,730 - __main__ - INFO - Инициализация
2024-12-17 23:34:09,830 - __main__ - INFO - Запуск
2024-12-18 01:09:31,283 - __main__ - INFO - Инициализация
2024-12-18 01:09:31,366 - __main__ - INFO - Запуск
2024-12-18 01:10:13,822 - __main__ - INFO - Инициализация
2024-12-18 01:10:13,898 - __main__ - INFO - Запуск
2024-12-18 01:11:16,968 - __main__ - INFO - Инициализация
2024-12-18 01:11:17,039 - __main__ - INFO - Запуск
2024-12-18 01:11:28,912 - __main__ - INFO - Инициализация
2024-12-18 01:11:29,013 - __main__ - INFO - Запуск
2024-12-18 01:50:59,971 - __main__ - INFO - Инициализация
2024-12-18 01:51:00,075 - __main__ - INFO - Запуск
2024-12-18 02:01:00,519 - __main__ - INFO - Инициализация
2024-12-18 02:01:00,593 - __main__ - INFO - Запуск
2024-12-18 02:03:13,260 - __main__ - INFO - Инициализация
2024-12-18 02:03:13,359 - __main__ - INFO - Запуск
2024-12-18 02:03:54,963 - __main__ - INFO - Инициализация
2024-12-18 02:03:55,052 - __main__ - INFO - Запуск
2024-12-18 02:05:53,065 - __main__ - INFO - Инициализация
2024-12-18 02:05:53,174 - __main__ - INFO - Запуск
2024-12-18 02:17:53,327 - __main__ - INFO - Инициализация
2024-12-18 02:17:53,434 - __main__ - INFO - Запуск
2024-12-18 02:19:17,240 - __main__ - INFO - Инициализация
2024-12-18 02:19:17,341 - __main__ - INFO - Запуск
2024-12-18 02:21:44,849 - __main__ - INFO - Инициализация
2024-12-18 02:21:44,922 - __main__ - INFO - Запуск
2024-12-18 02:23:07,119 - __main__ - INFO - Инициализация
2024-12-18 02:23:07,202 - __main__ - INFO - Запуск
2024-12-18 02:53:59,358 - __main__ - INFO - Инициализация
2024-12-18 02:53:59,438 - __main__ - INFO - Запуск
2024-12-18 02:54:52,040 - __main__ - INFO - Инициализация
2024-12-18 02:54:52,129 - __main__ - INFO - Запуск
2024-12-18 02:55:37,279 - __main__ - INFO - Инициализация
2024-12-18 02:55:37,388 - __main__ - INFO - Запуск
2024-12-18 02:56:16,096 - __main__ - INFO - Инициализация
2024-12-18 02:56:16,194 - __main__ - INFO - Запуск
2024-12-18 02:56:24,445 - src.database.orm.shops - ERROR - Failed to create slot: (sqlalchemy.dialects.postgresql.asyncpg.IntegrityError) <class 'asyncpg.exceptions.ForeignKeyViolationError'>: insert or update on table "slots" violates foreign key constraint "slots_seller_id_fkey"
DETAIL:  Key (seller_id)=(944360812) is not present in table "users".
[SQL: INSERT INTO slots (price, closed, selled, wife_id, shop_id, seller_id, created, updated) VALUES ($1::NUMERIC(25, 2), $2::BOOLEAN, $3::BOOLEAN, $4::BIGINT, $5::BIGINT, $6::BIGINT, now(), now()) RETURNING slots.id, slots.created, slots.updated]
[parameters: (Decimal('1000'), False, False, 2, 1, 944360812)]
(Background on this error at: https://sqlalche.me/e/20/gkpj)
2024-12-18 02:57:41,133 - __main__ - INFO - Инициализация
2024-12-18 02:57:41,209 - __main__ - INFO - Запуск
2024-12-18 02:58:55,997 - __main__ - INFO - Инициализация
2024-12-18 02:58:56,073 - __main__ - INFO - Запуск
2024-12-18 03:05:27,489 - __main__ - INFO - Инициализация
2024-12-18 03:05:27,567 - __main__ - INFO - Запуск
2024-12-18 03:09:42,710 - __main__ - INFO - Инициализация
2024-12-18 03:09:42,797 - __main__ - INFO - Запуск
2024-12-18 03:11:21,605 - __main__ - INFO - Инициализация
2024-12-18 03:11:21,675 - __main__ - INFO - Запуск
2024-12-18 03:11:39,930 - __main__ - INFO - Инициализация
2024-12-18 03:11:40,018 - __main__ - INFO - Запуск
2024-12-18 03:14:54,962 - __main__ - INFO - Инициализация
2024-12-18 03:14:55,034 - __main__ - INFO - Запуск
2024-12-18 03:19:50,666 - __main__ - INFO - Инициализация
2024-12-18 03:19:50,746 - __main__ - INFO - Запуск
2024-12-18 03:20:28,988 - src.database.orm.shops - ERROR - Failed to create slot: 'coroutine' object is not subscriptable
2024-12-18 03:21:59,827 - __main__ - INFO - Инициализация
2024-12-18 03:21:59,916 - __main__ - INFO - Запуск
2024-12-18 03:25:43,266 - __main__ - INFO - Инициализация
2024-12-18 03:25:43,345 - __main__ - INFO - Запуск
2024-12-18 03:27:15,964 - __main__ - INFO - Инициализация
2024-12-18 03:27:16,048 - __main__ - INFO - Запуск
2024-12-18 03:29:11,108 - __main__ - INFO - Инициализация
2024-12-18 03:29:11,212 - __main__ - INFO - Запуск
2024-12-18 03:29:19,943 - src.database.orm.shops - ERROR - Failed to create slot: Parent instance <User at 0x7ea257d6ef30> is not bound to a Session; lazy load operation of attribute 'characters' cannot proceed (Background on this error at: https://sqlalche.me/e/20/bhk3)
2024-12-18 03:32:14,105 - __main__ - INFO - Инициализация
2024-12-18 03:32:14,185 - __main__ - INFO - Запуск
2024-12-18 03:32:22,381 - src.database.orm.shops - ERROR - Failed to create slot: Parent instance <User at 0x730eda1c2f60> is not bound to a Session; lazy load operation of attribute 'characters' cannot proceed (Background on this error at: https://sqlalche.me/e/20/bhk3)
2024-12-18 03:32:46,936 - __main__ - INFO - Инициализация
2024-12-18 03:32:47,046 - __main__ - INFO - Запуск
2024-12-18 03:32:56,454 - src.database.orm.shops - ERROR - Failed to create slot: 'User' object is not subscriptable
2024-12-18 03:33:40,694 - __main__ - INFO - Инициализация
2024-12-18 03:33:40,785 - __main__ - INFO - Запуск
2024-12-18 03:33:53,058 - src.database.orm.shops - ERROR - Failed to create slot: greenlet_spawn has not been called; can't call await_only() here. Was IO attempted in an unexpected place? (Background on this error at: https://sqlalche.me/e/20/xd2s)
2024-12-18 03:39:03,808 - __main__ - INFO - Инициализация
2024-12-18 03:39:03,886 - __main__ - INFO - Запуск
2024-12-18 03:40:09,396 - __main__ - INFO - Инициализация
2024-12-18 03:40:09,482 - __main__ - INFO - Запуск
2024-12-18 03:40:17,630 - src.database.orm.shops - ERROR - Failed to create slot: greenlet_spawn has not been called; can't call await_only() here. Was IO attempted in an unexpected place? (Background on this error at: https://sqlalche.me/e/20/xd2s)
2024-12-18 03:41:51,347 - __main__ - INFO - Инициализация
2024-12-18 03:41:51,521 - __main__ - INFO - Запуск
2024-12-18 03:42:02,803 - src.database.orm.shops - ERROR - Failed to create slot: Parent instance <User at 0x7c992e567380> is not bound to a Session; lazy load operation of attribute 'characters' cannot proceed (Background on this error at: https://sqlalche.me/e/20/bhk3)
2024-12-18 03:44:45,683 - __main__ - INFO - Инициализация
2024-12-18 03:44:45,755 - __main__ - INFO - Запуск
2024-12-18 03:44:55,083 - src.database.orm.shops - ERROR - Failed to create slot: 'NoneType' object is not subscriptable
2024-12-18 03:47:20,171 - __main__ - INFO - Инициализация
2024-12-18 03:47:20,252 - __main__ - INFO - Запуск
2024-12-18 03:47:27,600 - src.database.orm.shops - ERROR - Failed to create slot: 'NoneType' object is not subscriptable
2024-12-18 03:51:01,237 - __main__ - INFO - Инициализация
2024-12-18 03:51:01,328 - __main__ - INFO - Запуск
2024-12-18 03:51:16,082 - src.database.orm.shops - ERROR - Failed to create slot: cannot access local variable 'session' where it is not associated with a value
2024-12-18 03:51:55,538 - __main__ - INFO - Инициализация
2024-12-18 03:51:55,624 - __main__ - INFO - Запуск
2024-12-18 03:52:07,984 - src.database.orm.shops - ERROR - Failed to create slot: cannot access local variable 'session' where it is not associated with a value
2024-12-18 03:59:56,644 - __main__ - INFO - Инициализация
2024-12-18 03:59:56,752 - __main__ - INFO - Запуск
2024-12-18 04:00:06,511 - src.database.orm.shops - ERROR - Failed to create slot: greenlet_spawn has not been called; can't call await_only() here. Was IO attempted in an unexpected place? (Background on this error at: https://sqlalche.me/e/20/xd2s)
2024-12-18 04:05:24,171 - __main__ - INFO - Инициализация
2024-12-18 04:05:24,298 - __main__ - INFO - Запуск
2024-12-18 04:05:33,703 - src.database.orm.shops - ERROR - Failed to create slot: The unique() method must be invoked on this Result, as it contains results that include joined eager loads against collections
2024-12-18 04:08:31,975 - __main__ - INFO - Инициализация
2024-12-18 04:08:32,050 - __main__ - INFO - Запуск
2024-12-18 04:08:37,517 - src.database.orm.shops - ERROR - Failed to create slot: 'coroutine' object has no attribute 'unique'
2024-12-18 04:09:58,626 - __main__ - INFO - Инициализация
2024-12-18 04:09:58,707 - __main__ - INFO - Запуск
2024-12-18 11:18:53,396 - __main__ - INFO - Инициализация
2024-12-18 11:18:53,469 - __main__ - INFO - Запуск
2024-12-18 11:19:18,051 - __main__ - INFO - Инициализация
2024-12-18 11:19:18,148 - __main__ - INFO - Запуск
2024-12-18 11:20:37,554 - __main__ - INFO - Инициализация
2024-12-18 11:20:37,665 - __main__ - INFO - Запуск
2024-12-18 11:21:16,101 - __main__ - INFO - Инициализация
2024-12-18 11:21:16,384 - __main__ - INFO - Запуск
2024-12-18 11:25:19,714 - __main__ - INFO - Инициализация
2024-12-18 11:25:19,834 - __main__ - INFO - Запуск
2024-12-18 11:27:02,956 - __main__ - INFO - Инициализация
2024-12-18 11:27:03,039 - __main__ - INFO - Запуск
2024-12-18 11:29:18,473 - __main__ - INFO - Инициализация
2024-12-18 11:29:18,570 - __main__ - INFO - Запуск
2024-12-18 11:30:21,570 - __main__ - INFO - Инициализация
2024-12-18 11:30:21,725 - __main__ - INFO - Запуск
2024-12-18 11:31:08,373 - __main__ - INFO - Инициализация
2024-12-18 11:31:08,496 - __main__ - INFO - Запуск
2024-12-18 11:37:23,726 - __main__ - INFO - Инициализация
2024-12-18 11:37:23,901 - __main__ - INFO - Запуск
2024-12-18 11:38:10,727 - __main__ - INFO - Инициализация
2024-12-18 11:38:10,817 - __main__ - INFO - Запуск
2024-12-18 11:39:39,403 - __main__ - INFO - Инициализация
2024-12-18 11:39:39,594 - __main__ - INFO - Запуск
2024-12-18 11:45:23,625 - __main__ - INFO - Инициализация
2024-12-18 11:45:23,783 - __main__ - INFO - Запуск
2024-12-18 11:45:47,883 - __main__ - INFO - Инициализация
2024-12-18 11:45:48,077 - __main__ - INFO - Запуск
2024-12-18 11:47:20,263 - __main__ - INFO - Инициализация
2024-12-18 11:47:20,359 - __main__ - INFO - Запуск
2024-12-18 11:49:10,048 - __main__ - INFO - Инициализация
2024-12-18 11:49:10,143 - __main__ - INFO - Запуск
2024-12-18 11:49:33,759 - __main__ - INFO - Инициализация
2024-12-18 11:49:33,833 - __main__ - INFO - Запуск
2024-12-18 12:00:01,073 - __main__ - INFO - Инициализация
2024-12-18 12:00:01,216 - __main__ - INFO - Запуск
2024-12-18 12:01:07,110 - __main__ - INFO - Инициализация
2024-12-18 12:01:07,216 - __main__ - INFO - Запуск
2024-12-18 12:01:59,836 - __main__ - INFO - Инициализация
2024-12-18 12:01:59,925 - __main__ - INFO - Запуск
2024-12-18 12:02:37,685 - __main__ - INFO - Инициализация
2024-12-18 12:02:37,804 - __main__ - INFO - Запуск
2024-12-18 12:03:21,675 - __main__ - INFO - Инициализация
2024-12-18 12:03:21,797 - __main__ - INFO - Запуск
2024-12-18 12:09:03,003 - __main__ - INFO - Инициализация
2024-12-18 12:09:03,095 - __main__ - INFO - Запуск
2024-12-18 12:30:38,677 - __main__ - INFO - Инициализация
2024-12-18 12:30:38,772 - __main__ - INFO - Запуск
2024-12-18 12:33:02,561 - __main__ - INFO - Инициализация
2024-12-18 12:33:02,682 - __main__ - INFO - Запуск
2024-12-18 12:33:30,835 - __main__ - INFO - Инициализация
2024-12-18 12:33:31,056 - __main__ - INFO - Запуск
2024-12-18 12:41:30,886 - __main__ - INFO - Инициализация
2024-12-18 12:41:31,134 - __main__ - INFO - Запуск
2024-12-18 12:43:20,474 - __main__ - INFO - Инициализация
2024-12-18 12:43:20,572 - __main__ - INFO - Запуск
2024-12-18 12:44:10,984 - __main__ - INFO - Инициализация
2024-12-18 12:44:11,134 - __main__ - INFO - Запуск
2024-12-18 13:01:17,836 - __main__ - INFO - Инициализация
2024-12-18 13:01:17,945 - __main__ - INFO - Запуск
2024-12-18 13:02:21,426 - __main__ - INFO - Инициализация
2024-12-18 13:02:21,785 - __main__ - INFO - Запуск
2024-12-18 13:03:27,857 - __main__ - INFO - Инициализация
2024-12-18 13:03:28,009 - __main__ - INFO - Запуск
2024-12-18 13:03:34,380 - src.database.orm.shops - ERROR - Failed to purchase slot ['this', 'buy', '1', '10']: (sqlalchemy.dialects.postgresql.asyncpg.Error) <class 'asyncpg.exceptions.DataError'>: invalid input for query argument $1: ['this', 'buy', '1', '10'] ('list' object cannot be interpreted as an integer)
[SQL: SELECT slots.id, slots.price, slots.closed, slots.selled, slots.wife_id, slots.shop_id, slots.seller_id, slots.created, slots.updated, users_1.id AS id_1, users_1.user_id, users_1.username, users_1.status, users_1.vip_to, users_1.balance, users_1.profile_imgs, users_1.created AS created_1, users_1.updated AS updated_1, wifes_1.id AS id_2, wifes_1.name, wifes_1.description, wifes_1.rare, wifes_1.wife_imgs, wifes_1.from_, wifes_1.sex, wifes_1.created AS created_2, wifes_1.updated AS updated_2 
FROM slots LEFT OUTER JOIN users AS users_1 ON users_1.user_id = slots.seller_id LEFT OUTER JOIN wifes AS wifes_1 ON wifes_1.id = slots.wife_id 
WHERE slots.id = $1::BIGINT]
[parameters: (['this', 'buy', '1', '10'],)]
(Background on this error at: https://sqlalche.me/e/20/dbapi)
2024-12-18 13:05:14,827 - __main__ - INFO - Инициализация
2024-12-18 13:05:14,935 - __main__ - INFO - Запуск
2024-12-18 13:05:22,930 - src.database.orm.shops - ERROR - Failed to purchase slot ['this', 'buy', '2', '3']: (sqlalchemy.dialects.postgresql.asyncpg.Error) <class 'asyncpg.exceptions.DataError'>: invalid input for query argument $1: ['this', 'buy', '2', '3'] ('list' object cannot be interpreted as an integer)
[SQL: SELECT slots.id, slots.price, slots.closed, slots.selled, slots.wife_id, slots.shop_id, slots.seller_id, slots.created, slots.updated, users_1.id AS id_1, users_1.user_id, users_1.username, users_1.status, users_1.vip_to, users_1.balance, users_1.profile_imgs, users_1.created AS created_1, users_1.updated AS updated_1, wifes_1.id AS id_2, wifes_1.name, wifes_1.description, wifes_1.rare, wifes_1.wife_imgs, wifes_1.from_, wifes_1.sex, wifes_1.created AS created_2, wifes_1.updated AS updated_2 
FROM slots LEFT OUTER JOIN users AS users_1 ON users_1.user_id = slots.seller_id LEFT OUTER JOIN wifes AS wifes_1 ON wifes_1.id = slots.wife_id 
WHERE slots.id = $1::BIGINT]
[parameters: (['this', 'buy', '2', '3'],)]
(Background on this error at: https://sqlalche.me/e/20/dbapi)
2024-12-18 13:05:56,024 - __main__ - INFO - Инициализация
2024-12-18 13:05:56,174 - __main__ - INFO - Запуск
2024-12-18 13:06:09,787 - __main__ - INFO - Инициализация
2024-12-18 13:06:09,891 - __main__ - INFO - Запуск
2024-12-18 13:06:16,513 - src.database.orm.shops - ERROR - Failed to purchase slot 4: greenlet_spawn has not been called; can't call await_only() here. Was IO attempted in an unexpected place? (Background on this error at: https://sqlalche.me/e/20/xd2s)
2024-12-18 13:07:18,968 - __main__ - INFO - Инициализация
2024-12-18 13:07:19,154 - __main__ - INFO - Запуск
2024-12-18 13:07:30,740 - src.database.orm.shops - ERROR - Failed to purchase slot 4: greenlet_spawn has not been called; can't call await_only() here. Was IO attempted in an unexpected place? (Background on this error at: https://sqlalche.me/e/20/xd2s)
2024-12-18 13:07:42,963 - src.database.orm.shops - ERROR - Failed to purchase slot 4: greenlet_spawn has not been called; can't call await_only() here. Was IO attempted in an unexpected place? (Background on this error at: https://sqlalche.me/e/20/xd2s)
2024-12-18 13:47:19,413 - __main__ - INFO - Инициализация
2024-12-18 13:47:19,553 - __main__ - INFO - Запуск
2024-12-18 13:47:26,333 - src.database.orm.shops - ERROR - Failed to purchase slot 4: greenlet_spawn has not been called; can't call await_only() here. Was IO attempted in an unexpected place? (Background on this error at: https://sqlalche.me/e/20/xd2s)
2024-12-18 13:50:34,118 - __main__ - INFO - Инициализация
2024-12-18 13:50:34,301 - __main__ - INFO - Запуск
2024-12-18 13:50:42,634 - src.database.orm.shops - ERROR - Failed to purchase slot 4: greenlet_spawn has not been called; can't call await_only() here. Was IO attempted in an unexpected place? (Background on this error at: https://sqlalche.me/e/20/xd2s)
2024-12-18 13:57:22,548 - __main__ - INFO - Инициализация
2024-12-18 13:57:22,941 - __main__ - INFO - Запуск
2024-12-18 13:57:30,184 - src.database.orm.shops - ERROR - Failed to purchase slot 10: greenlet_spawn has not been called; can't call await_only() here. Was IO attempted in an unexpected place? (Background on this error at: https://sqlalche.me/e/20/xd2s)
2024-12-18 13:58:43,781 - __main__ - INFO - Инициализация
2024-12-18 13:58:43,936 - __main__ - INFO - Запуск
2024-12-18 13:58:50,503 - src.database.orm.shops - ERROR - Failed to purchase slot 4: greenlet_spawn has not been called; can't call await_only() here. Was IO attempted in an unexpected place? (Background on this error at: https://sqlalche.me/e/20/xd2s)
2024-12-18 14:01:37,353 - __main__ - INFO - Инициализация
2024-12-18 14:01:37,688 - __main__ - INFO - Запуск
2024-12-18 14:01:45,543 - src.database.orm.shops - ERROR - Failed to purchase slot 3: greenlet_spawn has not been called; can't call await_only() here. Was IO attempted in an unexpected place? (Background on this error at: https://sqlalche.me/e/20/xd2s)
2024-12-18 14:08:12,315 - __main__ - INFO - Инициализация
2024-12-18 14:08:12,511 - __main__ - INFO - Запуск
2024-12-18 14:08:22,141 - src.database.orm.shops - ERROR - Failed to purchase slot 3: greenlet_spawn has not been called; can't call await_only() here. Was IO attempted in an unexpected place? (Background on this error at: https://sqlalche.me/e/20/xd2s)
2024-12-18 14:09:10,422 - __main__ - INFO - Инициализация
2024-12-18 14:09:10,577 - __main__ - INFO - Запуск
2024-12-18 14:09:16,853 - src.database.orm.shops - ERROR - Failed to purchase slot 3: ORM mapped entity or attribute "Slot.seller" does not link from relationship "Slot.wife".
2024-12-18 14:10:46,622 - __main__ - INFO - Инициализация
2024-12-18 14:10:46,726 - __main__ - INFO - Запуск
2024-12-18 14:11:02,786 - src.database.orm.shops - ERROR - Failed to purchase slot 3: ORM mapped entity or attribute "Slot.seller" does not link from relationship "Slot.wife".
2024-12-18 14:11:38,892 - __main__ - INFO - Инициализация
2024-12-18 14:11:39,090 - __main__ - INFO - Запуск
2024-12-18 14:11:47,275 - src.database.orm.shops - ERROR - Failed to purchase slot 4: greenlet_spawn has not been called; can't call await_only() here. Was IO attempted in an unexpected place? (Background on this error at: https://sqlalche.me/e/20/xd2s)
2024-12-18 14:16:04,589 - __main__ - INFO - Инициализация
2024-12-18 14:16:04,753 - __main__ - INFO - Запуск
2024-12-18 14:16:11,349 - src.database.orm.shops - ERROR - Failed to purchase slot 4: greenlet_spawn has not been called; can't call await_only() here. Was IO attempted in an unexpected place? (Background on this error at: https://sqlalche.me/e/20/xd2s)
2024-12-18 14:22:55,161 - __main__ - INFO - Инициализация
2024-12-18 14:22:55,361 - __main__ - INFO - Запуск
2024-12-18 14:23:33,252 - __main__ - INFO - Инициализация
2024-12-18 14:23:33,547 - __main__ - INFO - Запуск
2024-12-18 14:23:40,648 - src.database.orm.shops - ERROR - Failed to purchase slot 4: greenlet_spawn has not been called; can't call await_only() here. Was IO attempted in an unexpected place? (Background on this error at: https://sqlalche.me/e/20/xd2s)
2024-12-18 14:27:20,305 - __main__ - INFO - Инициализация
2024-12-18 14:27:20,462 - __main__ - INFO - Запуск
2024-12-18 14:27:28,104 - src.database.orm.shops - ERROR - Failed to purchase slot 4: greenlet_spawn has not been called; can't call await_only() here. Was IO attempted in an unexpected place? (Background on this error at: https://sqlalche.me/e/20/xd2s)
2024-12-18 14:32:37,475 - __main__ - INFO - Инициализация
2024-12-18 14:32:37,583 - __main__ - INFO - Запуск
2024-12-18 14:32:52,445 - src.database.orm.shops - ERROR - Failed to purchase slot 4: greenlet_spawn has not been called; can't call await_only() here. Was IO attempted in an unexpected place? (Background on this error at: https://sqlalche.me/e/20/xd2s)
2024-12-18 14:42:18,307 - __main__ - INFO - Инициализация
2024-12-18 14:42:18,481 - __main__ - INFO - Запуск
2024-12-18 14:42:45,447 - __main__ - INFO - Инициализация
2024-12-18 14:42:45,651 - __main__ - INFO - Запуск
2024-12-18 14:42:49,860 - src.database.orm.shops - ERROR - Failed to purchase slot 4: greenlet_spawn has not been called; can't call await_only() here. Was IO attempted in an unexpected place? (Background on this error at: https://sqlalche.me/e/20/xd2s)
2024-12-18 14:43:57,378 - __main__ - INFO - Инициализация
2024-12-18 14:43:57,508 - __main__ - INFO - Запуск
2024-12-18 14:59:37,399 - __main__ - INFO - Инициализация
2024-12-18 14:59:37,801 - __main__ - INFO - Запуск
2024-12-18 15:00:15,879 - __main__ - INFO - Инициализация
2024-12-18 15:00:16,016 - __main__ - INFO - Запуск
2024-12-18 15:02:20,732 - __main__ - INFO - Инициализация
2024-12-18 15:02:20,864 - __main__ - INFO - Запуск
2024-12-18 15:03:10,395 - __main__ - INFO - Инициализация
2024-12-18 15:03:10,625 - __main__ - INFO - Запуск
2024-12-18 15:37:39,070 - __main__ - INFO - Инициализация
2024-12-18 15:37:39,158 - __main__ - INFO - Запуск
2024-12-18 15:37:48,495 - __main__ - INFO - Инициализация
2024-12-18 15:37:48,691 - __main__ - INFO - Запуск
2024-12-18 15:42:07,144 - __main__ - INFO - Инициализация
2024-12-18 15:42:07,268 - __main__ - INFO - Запуск
2024-12-18 15:43:40,596 - __main__ - INFO - Инициализация
2024-12-18 15:43:40,838 - __main__ - INFO - Запуск
2024-12-18 15:50:50,393 - __main__ - INFO - Инициализация
2024-12-18 15:50:50,573 - __main__ - INFO - Запуск
2024-12-18 15:51:50,337 - __main__ - INFO - Инициализация
2024-12-18 15:51:50,626 - __main__ - INFO - Запуск
2024-12-18 15:54:29,032 - __main__ - INFO - Инициализация
2024-12-18 15:54:29,195 - __main__ - INFO - Запуск
2024-12-18 15:59:18,722 - __main__ - INFO - Инициализация
2024-12-18 15:59:18,846 - __main__ - INFO - Запуск
2024-12-18 16:00:45,608 - __main__ - INFO - Инициализация
2024-12-18 16:00:45,714 - __main__ - INFO - Запуск
2024-12-18 16:00:54,943 - src.database.orm.shops - ERROR - Failed to cancel slot 3: (sqlalchemy.dialects.postgresql.asyncpg.ProgrammingError) <class 'asyncpg.exceptions.UndefinedFunctionError'>: operator does not exist: bigint = character varying
HINT:  No operator matches the given name and argument types. You might need to add explicit type casts.
[SQL: SELECT slots.id, slots.price, slots.closed, slots.selled, slots.wife_id, slots.shop_id, slots.seller_id, slots.created, slots.updated, wifes_1.id AS id_1, wifes_1.name, wifes_1.description, wifes_1.rare, wifes_1.wife_imgs, wifes_1.from_, wifes_1.sex, wifes_1.created AS created_1, wifes_1.updated AS updated_1, users_1.id AS id_2, users_1.user_id, users_1.username, users_1.status, users_1.vip_to, users_1.balance, users_1.profile_imgs, users_1.created AS created_2, users_1.updated AS updated_2, wifes_2.id AS id_3, wifes_2.name AS name_1, wifes_2.description AS description_1, wifes_2.rare AS rare_1, wifes_2.wife_imgs AS wife_imgs_1, wifes_2.from_ AS from__1, wifes_2.sex AS sex_1, wifes_2.created AS created_3, wifes_2.updated AS updated_3 
FROM slots LEFT OUTER JOIN users AS users_1 ON users_1.user_id = slots.seller_id LEFT OUTER JOIN (user_wife_association AS user_wife_association_1 JOIN wifes AS wifes_1 ON wifes_1.id = user_wife_association_1.wife_id) ON users_1.id = user_wife_association_1.user_id LEFT OUTER JOIN wifes AS wifes_2 ON wifes_2.id = slots.wife_id 
WHERE slots.id = $1::VARCHAR]
[parameters: ('3',)]
(Background on this error at: https://sqlalche.me/e/20/f405)
2024-12-18 16:02:13,635 - __main__ - INFO - Инициализация
2024-12-18 16:02:13,742 - __main__ - INFO - Запуск
2024-12-18 16:03:23,684 - __main__ - INFO - Инициализация
2024-12-18 16:03:23,830 - __main__ - INFO - Запуск
2024-12-18 16:03:43,929 - src.database.orm.shops - ERROR - Failed to cancel slot 10: (sqlalchemy.dialects.postgresql.asyncpg.ProgrammingError) <class 'asyncpg.exceptions.UndefinedFunctionError'>: operator does not exist: bigint = character varying
HINT:  No operator matches the given name and argument types. You might need to add explicit type casts.
[SQL: SELECT slots.id, slots.price, slots.closed, slots.selled, slots.wife_id, slots.shop_id, slots.seller_id, slots.created, slots.updated, wifes_1.id AS id_1, wifes_1.name, wifes_1.description, wifes_1.rare, wifes_1.wife_imgs, wifes_1.from_, wifes_1.sex, wifes_1.created AS created_1, wifes_1.updated AS updated_1, users_1.id AS id_2, users_1.user_id, users_1.username, users_1.status, users_1.vip_to, users_1.balance, users_1.profile_imgs, users_1.created AS created_2, users_1.updated AS updated_2, wifes_2.id AS id_3, wifes_2.name AS name_1, wifes_2.description AS description_1, wifes_2.rare AS rare_1, wifes_2.wife_imgs AS wife_imgs_1, wifes_2.from_ AS from__1, wifes_2.sex AS sex_1, wifes_2.created AS created_3, wifes_2.updated AS updated_3 
FROM slots LEFT OUTER JOIN users AS users_1 ON users_1.user_id = slots.seller_id LEFT OUTER JOIN (user_wife_association AS user_wife_association_1 JOIN wifes AS wifes_1 ON wifes_1.id = user_wife_association_1.wife_id) ON users_1.id = user_wife_association_1.user_id LEFT OUTER JOIN wifes AS wifes_2 ON wifes_2.id = slots.wife_id 
WHERE slots.id = $1::VARCHAR]
[parameters: ('10',)]
(Background on this error at: https://sqlalche.me/e/20/f405)
2024-12-18 16:04:51,056 - __main__ - INFO - Инициализация
2024-12-18 16:04:51,240 - __main__ - INFO - Запуск
2024-12-18 16:04:57,729 - src.database.orm.shops - ERROR - Failed to cancel slot 3: (sqlalchemy.dialects.postgresql.asyncpg.ProgrammingError) <class 'asyncpg.exceptions.UndefinedFunctionError'>: operator does not exist: bigint = character varying
HINT:  No operator matches the given name and argument types. You might need to add explicit type casts.
[SQL: SELECT slots.id, slots.price, slots.closed, slots.selled, slots.wife_id, slots.shop_id, slots.seller_id, slots.created, slots.updated, wifes_1.id AS id_1, wifes_1.name, wifes_1.description, wifes_1.rare, wifes_1.wife_imgs, wifes_1.from_, wifes_1.sex, wifes_1.created AS created_1, wifes_1.updated AS updated_1, users_1.id AS id_2, users_1.user_id, users_1.username, users_1.status, users_1.vip_to, users_1.balance, users_1.profile_imgs, users_1.created AS created_2, users_1.updated AS updated_2, wifes_2.id AS id_3, wifes_2.name AS name_1, wifes_2.description AS description_1, wifes_2.rare AS rare_1, wifes_2.wife_imgs AS wife_imgs_1, wifes_2.from_ AS from__1, wifes_2.sex AS sex_1, wifes_2.created AS created_3, wifes_2.updated AS updated_3 
FROM slots LEFT OUTER JOIN users AS users_1 ON users_1.user_id = slots.seller_id LEFT OUTER JOIN (user_wife_association AS user_wife_association_1 JOIN wifes AS wifes_1 ON wifes_1.id = user_wife_association_1.wife_id) ON users_1.id = user_wife_association_1.user_id LEFT OUTER JOIN wifes AS wifes_2 ON wifes_2.id = slots.wife_id 
WHERE slots.id = $1::VARCHAR]
[parameters: ('3',)]
(Background on this error at: https://sqlalche.me/e/20/f405)
2024-12-18 16:07:30,612 - __main__ - INFO - Инициализация
2024-12-18 16:07:30,710 - __main__ - INFO - Запуск
2024-12-18 16:07:48,105 - src.database.orm.shops - ERROR - Failed to cancel slot 3: The unique() method must be invoked on this Result, as it contains results that include joined eager loads against collections
2024-12-18 16:08:17,947 - __main__ - INFO - Инициализация
2024-12-18 16:08:18,137 - __main__ - INFO - Запуск
2024-12-18 18:39:02,787 - __main__ - INFO - Инициализация
2024-12-18 18:39:03,016 - __main__ - INFO - Запуск
2024-12-18 18:41:37,621 - __main__ - INFO - Инициализация
2024-12-18 18:41:37,731 - __main__ - INFO - Запуск
2024-12-18 18:42:05,356 - __main__ - INFO - Инициализация
2024-12-18 18:42:05,661 - __main__ - INFO - Запуск
2024-12-18 18:46:30,255 - __main__ - INFO - Инициализация
2024-12-18 18:46:30,449 - __main__ - INFO - Запуск
2024-12-18 18:47:50,930 - __main__ - INFO - Инициализация
2024-12-18 18:47:51,090 - __main__ - INFO - Запуск
2024-12-18 18:53:13,103 - __main__ - INFO - Инициализация
2024-12-18 18:53:13,189 - __main__ - INFO - Запуск
2024-12-18 18:54:03,347 - __main__ - INFO - Инициализация
2024-12-18 18:54:03,536 - __main__ - INFO - Запуск
2024-12-18 18:55:24,221 - __main__ - INFO - Инициализация
2024-12-18 18:55:24,359 - __main__ - INFO - Запуск
2024-12-18 18:58:23,390 - __main__ - INFO - Инициализация
2024-12-18 18:58:23,480 - __main__ - INFO - Запуск
2024-12-18 18:58:58,542 - __main__ - INFO - Инициализация
2024-12-18 18:58:58,642 - __main__ - INFO - Запуск
2024-12-18 18:59:24,675 - __main__ - INFO - Инициализация
2024-12-18 18:59:24,828 - __main__ - INFO - Запуск
2024-12-18 19:01:04,344 - __main__ - INFO - Инициализация
2024-12-18 19:01:04,427 - __main__ - INFO - Запуск
2024-12-18 19:01:57,120 - __main__ - INFO - Инициализация
2024-12-18 19:01:57,226 - __main__ - INFO - Запуск
2024-12-18 19:09:16,048 - __main__ - INFO - Инициализация
2024-12-18 19:09:16,206 - __main__ - INFO - Запуск
2024-12-18 19:33:30,207 - __main__ - INFO - Инициализация
2024-12-18 19:33:30,398 - __main__ - INFO - Запуск
2024-12-18 19:33:53,231 - __main__ - INFO - Инициализация
2024-12-18 19:33:53,487 - __main__ - INFO - Запуск
2024-12-18 19:34:30,429 - __main__ - INFO - Инициализация
2024-12-18 19:34:30,657 - __main__ - INFO - Запуск
2024-12-18 22:41:58,742 - __main__ - INFO - Инициализация
2024-12-18 22:41:58,819 - __main__ - INFO - Запуск
2024-12-19 10:23:26,962 - __main__ - INFO - Инициализация
2024-12-19 10:23:27,066 - __main__ - INFO - Запуск
2024-12-19 10:24:59,654 - __main__ - INFO - Инициализация
2024-12-19 10:24:59,736 - __main__ - INFO - Запуск
2024-12-19 13:41:02,000 - __main__ - INFO - Инициализация
2024-12-19 13:41:02,143 - __main__ - INFO - Запуск
2024-12-19 13:48:41,009 - __main__ - INFO - Инициализация
2024-12-19 13:48:41,097 - __main__ - INFO - Запуск
2024-12-19 13:49:14,133 - __main__ - INFO - Инициализация
2024-12-19 13:49:14,233 - __main__ - INFO - Запуск
2024-12-19 13:56:50,764 - __main__ - INFO - Инициализация
2024-12-19 13:56:50,902 - __main__ - INFO - Запуск
2024-12-19 17:36:34,845 - __main__ - INFO - Инициализация
2024-12-19 17:36:34,943 - __main__ - INFO - Запуск
2024-12-19 17:37:02,328 - __main__ - INFO - Инициализация
2024-12-19 17:37:02,499 - __main__ - INFO - Запуск
2024-12-19 17:40:50,278 - __main__ - INFO - Инициализация
2024-12-19 17:40:50,360 - __main__ - INFO - Запуск
2024-12-19 17:41:45,723 - __main__ - INFO - Инициализация
2024-12-19 17:41:45,813 - __main__ - INFO - Запуск
2024-12-19 17:42:18,952 - __main__ - INFO - Инициализация
2024-12-19 17:42:19,030 - __main__ - INFO - Запуск
2024-12-19 17:42:46,208 - __main__ - INFO - Инициализация
2024-12-19 17:42:46,313 - __main__ - INFO - Запуск
2024-12-19 17:43:03,348 - __main__ - INFO - Инициализация
2024-12-19 17:43:03,592 - __main__ - INFO - Запуск
2024-12-19 17:55:14,204 - __main__ - INFO - Инициализация
2024-12-19 17:55:14,325 - __main__ - INFO - Запуск
2024-12-19 18:07:21,336 - __main__ - INFO - Инициализация
2024-12-19 18:07:21,426 - __main__ - INFO - Запуск
2024-12-19 18:16:24,490 - __main__ - INFO - Инициализация
2024-12-19 18:16:24,751 - __main__ - INFO - Запуск
2024-12-19 18:22:00,922 - __main__ - INFO - Инициализация
2024-12-19 18:22:01,014 - __main__ - INFO - Запуск
2024-12-19 18:25:28,346 - __main__ - INFO - Инициализация
2024-12-19 18:25:28,429 - __main__ - INFO - Запуск
2024-12-19 19:33:45,853 - __main__ - INFO - Инициализация
2024-12-19 19:33:45,962 - __main__ - INFO - Запуск
2024-12-19 19:35:16,002 - __main__ - INFO - Инициализация
2024-12-19 19:35:16,106 - __main__ - INFO - Запуск
2024-12-19 19:39:50,992 - __main__ - INFO - Инициализация
2024-12-19 19:39:51,161 - __main__ - INFO - Запуск
2024-12-19 19:41:06,379 - __main__ - INFO - Инициализация
2024-12-19 19:41:06,530 - __main__ - INFO - Запуск
2024-12-19 19:42:09,783 - __main__ - INFO - Инициализация
2024-12-19 19:42:09,878 - __main__ - INFO - Запуск
2024-12-19 19:44:48,654 - __main__ - INFO - Инициализация
2024-12-19 19:44:48,744 - __main__ - INFO - Запуск
2024-12-19 19:45:00,034 - __main__ - INFO - Инициализация
2024-12-19 19:45:00,162 - __main__ - INFO - Запуск
2024-12-19 19:45:15,923 - __main__ - INFO - Инициализация
2024-12-19 19:45:16,023 - __main__ - INFO - Запуск
2024-12-19 19:47:06,497 - __main__ - INFO - Инициализация
2024-12-19 19:47:06,622 - __main__ - INFO - Запуск
2024-12-19 19:51:39,061 - __main__ - INFO - Инициализация
2024-12-19 19:51:39,170 - __main__ - INFO - Запуск
2024-12-19 19:52:35,683 - __main__ - INFO - Инициализация
2024-12-19 19:52:35,769 - __main__ - INFO - Запуск
2024-12-19 20:56:31,500 - __main__ - INFO - Инициализация
2024-12-19 20:56:31,609 - __main__ - INFO - Запуск
2024-12-19 20:58:11,654 - __main__ - INFO - Инициализация
2024-12-19 20:58:11,753 - __main__ - INFO - Запуск
2024-12-20 02:46:23,404 - __main__ - INFO - Инициализация
2024-12-20 02:46:23,550 - __main__ - INFO - Запуск
2024-12-20 02:48:16,225 - __main__ - INFO - Инициализация
2024-12-20 02:48:16,301 - __main__ - INFO - Запуск
2024-12-20 02:48:56,238 - __main__ - INFO - Инициализация
2024-12-20 02:48:56,322 - __main__ - INFO - Запуск
2024-12-20 02:50:57,555 - __main__ - INFO - Инициализация
2024-12-20 02:50:57,638 - __main__ - INFO - Запуск
2024-12-20 02:51:44,518 - __main__ - INFO - Инициализация
2024-12-20 02:51:44,609 - __main__ - INFO - Запуск
2024-12-20 08:51:09,931 - __main__ - INFO - Инициализация
2024-12-20 08:51:10,086 - __main__ - INFO - Запуск
2024-12-20 08:51:47,204 - __main__ - INFO - Инициализация
2024-12-20 08:51:47,273 - __main__ - INFO - Запуск
2024-12-20 08:52:12,603 - __main__ - INFO - Инициализация
2024-12-20 08:52:12,720 - __main__ - INFO - Запуск
2024-12-20 08:52:34,212 - __main__ - INFO - Инициализация
2024-12-20 08:52:34,317 - __main__ - INFO - Запуск
2024-12-20 08:54:20,469 - __main__ - INFO - Инициализация
2024-12-20 08:54:20,555 - __main__ - INFO - Запуск
2024-12-20 09:07:19,014 - __main__ - INFO - Инициализация
2024-12-20 09:07:19,104 - __main__ - INFO - Запуск
2024-12-20 09:08:04,028 - __main__ - INFO - Инициализация
2024-12-20 09:08:04,123 - __main__ - INFO - Запуск
2024-12-20 09:08:50,315 - __main__ - INFO - Инициализация
2024-12-20 09:08:50,411 - __main__ - INFO - Запуск
2024-12-20 09:11:48,961 - __main__ - INFO - Инициализация
2024-12-20 09:11:49,119 - __main__ - INFO - Запуск
2024-12-20 09:13:47,672 - __main__ - INFO - Инициализация
2024-12-20 09:13:47,758 - __main__ - INFO - Запуск
2024-12-20 09:14:39,487 - __main__ - INFO - Инициализация
2024-12-20 09:14:39,565 - __main__ - INFO - Запуск
2024-12-20 09:16:00,971 - __main__ - INFO - Инициализация
2024-12-20 09:16:01,095 - __main__ - INFO - Запуск
2024-12-20 09:16:28,839 - __main__ - INFO - Инициализация
2024-12-20 09:16:28,947 - __main__ - INFO - Запуск
2024-12-20 09:17:15,972 - __main__ - INFO - Инициализация
2024-12-20 09:17:16,232 - __main__ - INFO - Запуск
2024-12-20 09:17:46,850 - __main__ - INFO - Инициализация
2024-12-20 09:17:46,923 - __main__ - INFO - Запуск
2024-12-20 09:19:03,546 - __main__ - INFO - Инициализация
2024-12-20 09:19:03,636 - __main__ - INFO - Запуск
2024-12-20 09:32:26,531 - __main__ - INFO - Инициализация
2024-12-20 09:32:26,627 - __main__ - INFO - Запуск
2024-12-20 09:33:11,922 - __main__ - INFO - Инициализация
2024-12-20 09:33:12,055 - __main__ - INFO - Запуск
2024-12-20 09:34:00,643 - __main__ - INFO - Инициализация
2024-12-20 09:34:00,757 - __main__ - INFO - Запуск
2024-12-20 09:34:57,622 - __main__ - INFO - Инициализация
2024-12-20 09:34:57,711 - __main__ - INFO - Запуск
2024-12-20 09:36:00,970 - __main__ - INFO - Инициализация
2024-12-20 09:36:01,098 - __main__ - INFO - Запуск
2024-12-20 09:37:19,628 - __main__ - INFO - Инициализация
2024-12-20 09:37:19,724 - __main__ - INFO - Запуск
2024-12-20 09:37:41,087 - __main__ - INFO - Инициализация
2024-12-20 09:37:41,640 - __main__ - INFO - Запуск
2024-12-20 09:40:05,791 - __main__ - INFO - Инициализация
2024-12-20 09:40:05,896 - __main__ - INFO - Запуск
2024-12-20 09:40:57,637 - __main__ - INFO - Инициализация
2024-12-20 09:40:57,717 - __main__ - INFO - Запуск
2024-12-20 09:56:11,385 - __main__ - INFO - Инициализация
2024-12-20 09:56:11,529 - __main__ - INFO - Запуск
2024-12-20 09:57:02,480 - __main__ - INFO - Инициализация
2024-12-20 09:57:02,734 - __main__ - INFO - Запуск
2024-12-20 09:57:41,393 - __main__ - INFO - Инициализация
2024-12-20 09:57:41,478 - __main__ - INFO - Запуск
2024-12-20 09:58:37,200 - __main__ - INFO - Инициализация
2024-12-20 09:58:37,382 - __main__ - INFO - Запуск
2024-12-20 10:00:36,810 - __main__ - INFO - Инициализация
2024-12-20 10:00:36,893 - __main__ - INFO - Запуск
2024-12-20 10:01:34,334 - __main__ - INFO - Инициализация
2024-12-20 10:01:34,429 - __main__ - INFO - Запуск
2024-12-20 10:02:06,018 - __main__ - INFO - Инициализация
2024-12-20 10:02:06,196 - __main__ - INFO - Запуск
2024-12-20 10:08:37,852 - __main__ - INFO - Инициализация
2024-12-20 10:08:38,006 - __main__ - INFO - Запуск
2024-12-20 10:09:01,249 - __main__ - INFO - Инициализация
2024-12-20 10:09:01,337 - __main__ - INFO - Запуск
2024-12-20 10:10:50,635 - __main__ - INFO - Инициализация
2024-12-20 10:10:50,759 - __main__ - INFO - Запуск
2024-12-20 15:03:54,803 - __main__ - INFO - Инициализация
2024-12-20 15:03:54,911 - __main__ - INFO - Запуск
2024-12-20 15:04:36,627 - __main__ - INFO - Инициализация
2024-12-20 15:04:36,713 - __main__ - INFO - Запуск
2024-12-20 15:04:59,611 - __main__ - INFO - Инициализация
2024-12-20 15:04:59,699 - __main__ - INFO - Запуск
2024-12-20 15:05:14,820 - __main__ - INFO - Инициализация
2024-12-20 15:05:15,032 - __main__ - INFO - Запуск
2024-12-20 15:06:13,463 - __main__ - INFO - Инициализация
2024-12-20 15:06:13,547 - __main__ - INFO - Запуск
2024-12-20 15:06:31,457 - __main__ - INFO - Инициализация
2024-12-20 15:06:31,618 - __main__ - INFO - Запуск
2024-12-20 15:08:44,536 - __main__ - INFO - Инициализация
2024-12-20 15:08:44,673 - __main__ - INFO - Запуск
2024-12-20 15:13:56,552 - __main__ - INFO - Инициализация
2024-12-20 15:13:56,766 - __main__ - INFO - Запуск
2024-12-20 15:15:19,710 - __main__ - INFO - Инициализация
2024-12-20 15:15:19,840 - __main__ - INFO - Запуск
2024-12-20 15:15:40,322 - __main__ - INFO - Инициализация
2024-12-20 15:15:40,484 - __main__ - INFO - Запуск
2024-12-20 15:16:06,473 - __main__ - INFO - Инициализация
2024-12-20 15:16:06,556 - __main__ - INFO - Запуск
2024-12-20 15:16:36,164 - __main__ - INFO - Инициализация
2024-12-20 15:16:36,264 - __main__ - INFO - Запуск
2024-12-20 15:18:19,423 - __main__ - INFO - Инициализация
2024-12-20 15:18:19,522 - __main__ - INFO - Запуск
2024-12-20 15:21:17,929 - __main__ - INFO - Инициализация
2024-12-20 15:21:18,171 - __main__ - INFO - Запуск
2024-12-20 16:00:32,776 - __main__ - INFO - Инициализация
2024-12-20 16:00:33,163 - __main__ - INFO - Запуск
2024-12-20 16:02:59,017 - __main__ - INFO - Инициализация
2024-12-20 16:02:59,199 - __main__ - INFO - Запуск
2024-12-20 16:04:44,123 - __main__ - INFO - Инициализация
2024-12-20 16:04:44,241 - __main__ - INFO - Запуск
2024-12-20 16:06:46,803 - __main__ - INFO - Инициализация
2024-12-20 16:06:46,909 - __main__ - INFO - Запуск
2024-12-20 16:07:19,002 - __main__ - INFO - Инициализация
2024-12-20 16:07:19,130 - __main__ - INFO - Запуск
2024-12-20 17:04:29,185 - __main__ - INFO - Инициализация
2024-12-20 17:04:29,384 - __main__ - INFO - Запуск
2024-12-20 20:58:26,069 - __main__ - INFO - Инициализация
2024-12-20 20:58:26,206 - __main__ - INFO - Запуск
2024-12-20 21:13:23,399 - __main__ - INFO - Инициализация
2024-12-20 21:13:23,554 - __main__ - INFO - Запуск
2024-12-20 21:14:08,864 - __main__ - INFO - Инициализация
2024-12-20 21:14:08,982 - __main__ - INFO - Запуск
2024-12-20 21:14:52,532 - __main__ - INFO - Инициализация
2024-12-20 21:14:52,664 - __main__ - INFO - Запуск
2024-12-21 04:01:46,449 - __main__ - INFO - Инициализация
2024-12-21 04:01:46,528 - __main__ - INFO - Запуск
2024-12-21 04:05:25,576 - __main__ - INFO - Инициализация
2024-12-21 04:05:25,649 - __main__ - INFO - Запуск
2024-12-21 04:06:20,565 - __main__ - INFO - Инициализация
2024-12-21 04:06:20,647 - __main__ - INFO - Запуск
2024-12-21 04:07:28,367 - __main__ - INFO - Инициализация
2024-12-21 04:07:28,442 - __main__ - INFO - Запуск
2024-12-21 04:09:56,736 - __main__ - INFO - Инициализация
2024-12-21 04:09:56,821 - __main__ - INFO - Запуск
2024-12-21 04:10:50,634 - __main__ - INFO - Инициализация
2024-12-21 04:10:50,731 - __main__ - INFO - Запуск
2024-12-21 04:11:22,438 - __main__ - INFO - Инициализация
2024-12-21 04:11:22,539 - __main__ - INFO - Запуск
2024-12-21 04:13:12,028 - __main__ - INFO - Инициализация
2024-12-21 04:13:12,131 - __main__ - INFO - Запуск
2024-12-21 04:14:24,158 - __main__ - INFO - Инициализация
2024-12-21 04:14:24,240 - __main__ - INFO - Запуск
2024-12-21 04:15:55,362 - __main__ - INFO - Инициализация
2024-12-21 04:15:55,452 - __main__ - INFO - Запуск
2024-12-21 04:16:46,850 - __main__ - INFO - Инициализация
2024-12-21 04:16:46,940 - __main__ - INFO - Запуск
2024-12-21 04:17:19,108 - __main__ - INFO - Инициализация
2024-12-21 04:17:19,191 - __main__ - INFO - Запуск
2024-12-21 04:17:32,031 - __main__ - INFO - Инициализация
2024-12-21 04:17:32,114 - __main__ - INFO - Запуск
2024-12-21 04:19:05,611 - __main__ - INFO - Инициализация
2024-12-21 04:19:05,692 - __main__ - INFO - Запуск
2024-12-21 04:19:59,797 - __main__ - INFO - Инициализация
2024-12-21 04:19:59,883 - __main__ - INFO - Запуск
2024-12-21 04:23:02,255 - __main__ - INFO - Инициализация
2024-12-21 04:23:02,365 - __main__ - INFO - Запуск
2024-12-21 04:23:59,571 - __main__ - INFO - Инициализация
2024-12-21 04:23:59,677 - __main__ - INFO - Запуск
2024-12-21 04:25:13,522 - __main__ - INFO - Инициализация
2024-12-21 04:25:13,600 - __main__ - INFO - Запуск
2024-12-21 04:25:50,311 - __main__ - INFO - Инициализация
2024-12-21 04:25:50,435 - __main__ - INFO - Запуск
2024-12-21 04:30:39,399 - __main__ - INFO - Инициализация
2024-12-21 04:30:39,492 - __main__ - INFO - Запуск
2024-12-21 04:31:10,477 - __main__ - INFO - Инициализация
2024-12-21 04:31:10,555 - __main__ - INFO - Запуск
2024-12-21 04:31:21,817 - __main__ - INFO - Инициализация
2024-12-21 04:31:21,920 - __main__ - INFO - Запуск
2024-12-21 04:31:50,138 - __main__ - INFO - Инициализация
2024-12-21 04:31:50,227 - __main__ - INFO - Запуск
2024-12-21 04:36:16,833 - __main__ - INFO - Инициализация
2024-12-21 04:36:16,940 - __main__ - INFO - Запуск
2024-12-21 04:37:23,668 - __main__ - INFO - Инициализация
2024-12-21 04:37:23,758 - __main__ - INFO - Запуск
2024-12-21 04:38:02,012 - __main__ - INFO - Инициализация
2024-12-21 04:38:02,103 - __main__ - INFO - Запуск
2024-12-21 04:38:18,269 - __main__ - INFO - Инициализация
2024-12-21 04:38:18,417 - __main__ - INFO - Запуск
2024-12-21 04:39:06,103 - __main__ - INFO - Инициализация
2024-12-21 04:39:06,302 - __main__ - INFO - Запуск
2024-12-21 04:40:07,371 - __main__ - INFO - Инициализация
2024-12-21 04:40:07,469 - __main__ - INFO - Запуск
2024-12-21 04:40:44,895 - __main__ - INFO - Инициализация
2024-12-21 04:40:44,990 - __main__ - INFO - Запуск
2024-12-21 04:43:27,771 - __main__ - INFO - Инициализация
2024-12-21 04:43:27,846 - __main__ - INFO - Запуск
2024-12-21 04:46:49,616 - __main__ - INFO - Инициализация
2024-12-21 04:46:49,701 - __main__ - INFO - Запуск
2024-12-21 04:48:55,739 - __main__ - INFO - Инициализация
2024-12-21 04:48:55,816 - __main__ - INFO - Запуск
2024-12-21 14:24:12,271 - __main__ - INFO - Инициализация
2024-12-21 14:24:12,499 - __main__ - INFO - Запуск
2024-12-21 14:25:40,688 - __main__ - INFO - Инициализация
2024-12-21 14:25:40,804 - __main__ - INFO - Запуск
2024-12-21 14:26:38,543 - __main__ - INFO - Инициализация
2024-12-21 14:26:38,631 - __main__ - INFO - Запуск
2024-12-21 14:27:45,267 - __main__ - INFO - Инициализация
2024-12-21 14:27:45,362 - __main__ - INFO - Запуск
2024-12-21 14:29:10,817 - __main__ - INFO - Инициализация
2024-12-21 14:29:10,948 - __main__ - INFO - Запуск
2024-12-21 14:30:01,437 - __main__ - INFO - Инициализация
2024-12-21 14:30:01,568 - __main__ - INFO - Запуск
2024-12-21 14:31:35,420 - __main__ - INFO - Инициализация
2024-12-21 14:31:35,541 - __main__ - INFO - Запуск
2024-12-21 14:36:21,561 - __main__ - INFO - Инициализация
2024-12-21 14:36:21,681 - __main__ - INFO - Запуск
2024-12-21 14:37:42,210 - __main__ - INFO - Инициализация
2024-12-21 14:37:42,350 - __main__ - INFO - Запуск
2024-12-21 14:38:45,412 - src.database.orm.shops - ERROR - Failed to create slot: (sqlalchemy.dialects.postgresql.asyncpg.IntegrityError) <class 'asyncpg.exceptions.ForeignKeyViolationError'>: insert or update on table "slots" violates foreign key constraint "slots_shop_id_fkey"
DETAIL:  Key (shop_id)=(2) is not present in table "shop".
[SQL: INSERT INTO slots (price, closed, selled, wife_id, shop_id, seller_id, created, updated) VALUES ($1::NUMERIC(25, 2), $2::BOOLEAN, $3::BOOLEAN, $4::BIGINT, $5::BIGINT, $6::BIGINT, now(), now()) RETURNING slots.id, slots.created, slots.updated]
[parameters: (Decimal('100'), False, False, 1, 2, 944360812)]
(Background on this error at: https://sqlalche.me/e/20/gkpj)
2024-12-21 14:40:37,258 - __main__ - INFO - Инициализация
2024-12-21 14:40:37,429 - __main__ - INFO - Запуск
2024-12-21 14:44:53,225 - __main__ - INFO - Инициализация
2024-12-21 14:44:53,310 - __main__ - INFO - Запуск
2024-12-21 14:47:30,548 - __main__ - INFO - Инициализация
2024-12-21 14:47:30,702 - __main__ - INFO - Запуск
2024-12-21 14:47:43,970 - __main__ - INFO - Инициализация
2024-12-21 14:47:44,099 - __main__ - INFO - Запуск
2024-12-21 14:49:28,463 - __main__ - INFO - Инициализация
2024-12-21 14:49:28,626 - __main__ - INFO - Запуск
2024-12-21 17:24:00,434 - __main__ - INFO - Инициализация
2024-12-21 17:24:00,527 - __main__ - INFO - Запуск
2024-12-21 17:26:39,467 - __main__ - INFO - Инициализация
2024-12-21 17:26:39,635 - __main__ - INFO - Запуск
2024-12-21 17:28:16,020 - __main__ - INFO - Инициализация
2024-12-21 17:28:16,183 - __main__ - INFO - Запуск
2024-12-21 17:29:04,180 - __main__ - INFO - Инициализация
2024-12-21 17:29:04,278 - __main__ - INFO - Запуск
2024-12-22 14:34:30,316 - __main__ - INFO - Инициализация
2024-12-22 14:34:30,417 - __main__ - INFO - Запуск
2024-12-22 14:39:47,867 - __main__ - INFO - Инициализация
2024-12-22 14:39:48,005 - __main__ - INFO - Запуск
2024-12-22 14:40:45,045 - __main__ - INFO - Инициализация
2024-12-22 14:40:45,142 - __main__ - INFO - Запуск
2024-12-22 14:41:00,078 - __main__ - INFO - Инициализация
2024-12-22 14:41:00,180 - __main__ - INFO - Запуск
2024-12-22 14:43:17,950 - __main__ - INFO - Инициализация
2024-12-22 14:43:18,086 - __main__ - INFO - Запуск
2024-12-22 14:49:26,908 - __main__ - INFO - Инициализация
2024-12-22 14:49:27,083 - __main__ - INFO - Запуск
2024-12-22 14:50:35,653 - __main__ - INFO - Инициализация
2024-12-22 14:50:35,790 - __main__ - INFO - Запуск
2024-12-22 14:51:01,806 - __main__ - INFO - Инициализация
2024-12-22 14:51:02,010 - __main__ - INFO - Запуск
2024-12-22 14:51:13,724 - __main__ - INFO - Инициализация
2024-12-22 14:51:13,880 - __main__ - INFO - Запуск
2024-12-22 14:52:47,524 - __main__ - INFO - Инициализация
2024-12-22 14:52:47,624 - __main__ - INFO - Запуск
2024-12-22 14:53:10,802 - __main__ - INFO - Инициализация
2024-12-22 14:53:10,875 - __main__ - INFO - Запуск
2024-12-22 14:53:38,705 - __main__ - INFO - Инициализация
2024-12-22 14:53:38,813 - __main__ - INFO - Запуск
2024-12-22 16:33:40,295 - __main__ - INFO - Инициализация
2024-12-22 16:33:40,496 - __main__ - INFO - Запуск
2024-12-22 16:43:37,736 - __main__ - INFO - Инициализация
2024-12-22 16:43:37,820 - __main__ - INFO - Запуск
2024-12-22 16:46:26,725 - __main__ - INFO - Инициализация
2024-12-22 16:46:26,832 - __main__ - INFO - Запуск
2024-12-22 16:47:22,534 - __main__ - INFO - Инициализация
2024-12-22 16:47:22,694 - __main__ - INFO - Запуск
2024-12-22 16:48:00,693 - __main__ - INFO - Инициализация
2024-12-22 16:48:00,789 - __main__ - INFO - Запуск
2024-12-22 16:48:31,984 - __main__ - INFO - Инициализация
2024-12-22 16:48:32,102 - __main__ - INFO - Запуск
2024-12-22 16:49:11,478 - __main__ - INFO - Инициализация
2024-12-22 16:49:11,610 - __main__ - INFO - Запуск
2024-12-22 16:50:11,894 - __main__ - INFO - Инициализация
2024-12-22 16:50:11,990 - __main__ - INFO - Запуск
2024-12-22 16:52:43,144 - __main__ - INFO - Инициализация
2024-12-22 16:52:43,374 - __main__ - INFO - Запуск
2024-12-22 16:55:19,467 - __main__ - INFO - Инициализация
2024-12-22 16:55:19,638 - __main__ - INFO - Запуск
2024-12-22 16:55:52,388 - __main__ - INFO - Инициализация
2024-12-22 16:55:52,500 - __main__ - INFO - Запуск
2024-12-22 16:57:24,172 - __main__ - INFO - Инициализация
2024-12-22 16:57:24,276 - __main__ - INFO - Запуск
2024-12-22 17:00:56,159 - __main__ - INFO - Инициализация
2024-12-22 17:00:56,281 - __main__ - INFO - Запуск
2024-12-22 17:03:45,690 - __main__ - INFO - Инициализация
2024-12-22 17:03:45,836 - __main__ - INFO - Запуск
2024-12-22 17:05:53,675 - __main__ - INFO - Инициализация
2024-12-22 17:05:53,772 - __main__ - INFO - Запуск
2024-12-22 17:06:23,921 - __main__ - INFO - Инициализация
2024-12-22 17:06:24,021 - __main__ - INFO - Запуск
2024-12-22 17:07:21,865 - __main__ - INFO - Инициализация
2024-12-22 17:07:22,001 - __main__ - INFO - Запуск
2024-12-22 17:09:54,433 - __main__ - INFO - Инициализация
2024-12-22 17:09:54,674 - __main__ - INFO - Запуск
2024-12-22 17:10:17,934 - __main__ - INFO - Инициализация
2024-12-22 17:10:18,026 - __main__ - INFO - Запуск
2024-12-22 17:11:54,482 - __main__ - INFO - Инициализация
2024-12-22 17:11:54,667 - __main__ - INFO - Запуск
2024-12-22 17:16:02,645 - __main__ - INFO - Инициализация
2024-12-22 17:16:02,794 - __main__ - INFO - Запуск
2024-12-22 17:18:20,210 - __main__ - INFO - Инициализация
2024-12-22 17:18:20,342 - __main__ - INFO - Запуск
2024-12-22 17:18:57,258 - __main__ - INFO - Инициализация
2024-12-22 17:18:57,373 - __main__ - INFO - Запуск
2024-12-22 17:19:42,261 - __main__ - INFO - Инициализация
2024-12-22 17:19:42,348 - __main__ - INFO - Запуск
2024-12-22 17:21:41,095 - __main__ - INFO - Инициализация
2024-12-22 17:21:41,298 - __main__ - INFO - Запуск
2024-12-22 17:31:20,179 - __main__ - INFO - Инициализация
2024-12-22 17:31:20,260 - __main__ - INFO - Запуск
2024-12-22 17:33:51,594 - __main__ - INFO - Инициализация
2024-12-22 17:33:51,746 - __main__ - INFO - Запуск
2024-12-22 17:36:31,767 - __main__ - INFO - Инициализация
2024-12-22 17:36:31,903 - __main__ - INFO - Запуск
2024-12-22 17:39:07,986 - __main__ - INFO - Инициализация
2024-12-22 17:39:08,090 - __main__ - INFO - Запуск
2024-12-22 17:40:20,308 - __main__ - INFO - Инициализация
2024-12-22 17:40:20,411 - __main__ - INFO - Запуск
2024-12-22 17:41:52,410 - __main__ - INFO - Инициализация
2024-12-22 17:41:52,490 - __main__ - INFO - Запуск
2024-12-22 17:43:46,705 - __main__ - INFO - Инициализация
2024-12-22 17:43:46,799 - __main__ - INFO - Запуск
2024-12-22 17:44:28,434 - __main__ - INFO - Инициализация
2024-12-22 17:44:28,542 - __main__ - INFO - Запуск
2024-12-22 17:45:21,838 - __main__ - INFO - Инициализация
2024-12-22 17:45:21,949 - __main__ - INFO - Запуск
2024-12-22 17:47:38,226 - __main__ - INFO - Инициализация
2024-12-22 17:47:38,329 - __main__ - INFO - Запуск
2024-12-22 17:49:06,088 - __main__ - INFO - Инициализация
2024-12-22 17:49:06,188 - __main__ - INFO - Запуск
2024-12-22 17:58:13,336 - __main__ - INFO - Инициализация
2024-12-22 17:58:13,407 - __main__ - INFO - Запуск
2024-12-22 17:59:42,465 - __main__ - INFO - Инициализация
2024-12-22 17:59:42,620 - __main__ - INFO - Запуск
2024-12-22 18:02:16,130 - __main__ - INFO - Инициализация
2024-12-22 18:02:16,246 - __main__ - INFO - Запуск
2024-12-22 18:08:04,210 - __main__ - INFO - Инициализация
2024-12-22 18:08:04,468 - __main__ - INFO - Запуск
2024-12-22 18:10:31,404 - __main__ - INFO - Инициализация
2024-12-22 18:10:31,567 - __main__ - INFO - Запуск
2024-12-22 18:14:31,719 - __main__ - INFO - Инициализация
2024-12-22 18:14:31,855 - __main__ - INFO - Запуск
2024-12-22 18:21:23,687 - __main__ - INFO - Инициализация
2024-12-22 18:21:23,794 - __main__ - INFO - Запуск
2024-12-22 18:22:29,287 - __main__ - INFO - Инициализация
2024-12-22 18:22:29,418 - __main__ - INFO - Запуск
2024-12-22 18:24:22,323 - __main__ - INFO - Инициализация
2024-12-22 18:24:22,537 - __main__ - INFO - Запуск
2024-12-22 18:25:59,243 - __main__ - INFO - Инициализация
2024-12-22 18:25:59,328 - __main__ - INFO - Запуск
2024-12-22 20:03:27,173 - __main__ - INFO - Инициализация
2024-12-22 20:03:27,334 - __main__ - INFO - Запуск
2024-12-22 20:04:55,430 - __main__ - INFO - Инициализация
2024-12-22 20:04:55,586 - __main__ - INFO - Запуск
2024-12-22 20:10:22,490 - __main__ - INFO - Инициализация
2024-12-22 20:10:22,581 - __main__ - INFO - Запуск
2024-12-22 20:11:23,161 - __main__ - INFO - Инициализация
2024-12-22 20:11:23,294 - __main__ - INFO - Запуск
2024-12-22 20:12:06,118 - __main__ - INFO - Инициализация
2024-12-22 20:12:06,269 - __main__ - INFO - Запуск
2024-12-22 20:15:42,295 - __main__ - INFO - Инициализация
2024-12-22 20:15:42,462 - __main__ - INFO - Запуск
2024-12-22 20:37:12,896 - __main__ - INFO - Инициализация
2024-12-22 20:37:12,995 - __main__ - INFO - Запуск
2024-12-22 20:38:30,825 - __main__ - INFO - Инициализация
2024-12-22 20:38:30,942 - __main__ - INFO - Запуск
2024-12-22 20:43:26,967 - __main__ - INFO - Инициализация
2024-12-22 20:43:27,111 - __main__ - INFO - Запуск
2024-12-22 20:43:54,339 - __main__ - INFO - Инициализация
2024-12-22 20:43:54,438 - __main__ - INFO - Запуск
2024-12-22 20:44:08,554 - __main__ - INFO - Инициализация
2024-12-22 20:44:08,646 - __main__ - INFO - Запуск
2024-12-22 20:44:51,026 - __main__ - INFO - Инициализация
2024-12-22 20:44:51,104 - __main__ - INFO - Запуск
2024-12-22 20:46:26,349 - __main__ - INFO - Инициализация
2024-12-22 20:46:26,440 - __main__ - INFO - Запуск
2024-12-22 20:48:39,216 - __main__ - INFO - Инициализация
2024-12-22 20:48:39,313 - __main__ - INFO - Запуск
2024-12-22 20:49:01,621 - __main__ - INFO - Инициализация
2024-12-22 20:49:01,708 - __main__ - INFO - Запуск
2024-12-22 20:53:35,648 - __main__ - INFO - Инициализация
2024-12-22 20:53:35,832 - __main__ - INFO - Запуск
2024-12-22 20:54:45,568 - __main__ - INFO - Инициализация
2024-12-22 20:54:45,659 - __main__ - INFO - Запуск
2024-12-22 20:56:28,518 - __main__ - INFO - Инициализация
2024-12-22 20:56:28,629 - __main__ - INFO - Запуск
2024-12-22 20:58:49,351 - __main__ - INFO - Инициализация
2024-12-22 20:58:49,483 - __main__ - INFO - Запуск
2024-12-22 21:01:56,423 - __main__ - INFO - Инициализация
2024-12-22 21:01:56,523 - __main__ - INFO - Запуск
2024-12-22 21:05:40,798 - __main__ - INFO - Инициализация
2024-12-22 21:05:40,962 - __main__ - INFO - Запуск
2024-12-22 21:12:25,461 - __main__ - INFO - Инициализация
2024-12-22 21:12:25,574 - __main__ - INFO - Запуск
2024-12-22 21:16:39,091 - __main__ - INFO - Инициализация
2024-12-22 21:16:39,229 - __main__ - INFO - Запуск
2024-12-22 21:18:05,074 - __main__ - INFO - Инициализация
2024-12-22 21:18:05,211 - __main__ - INFO - Запуск
2024-12-23 05:07:46,474 - __main__ - INFO - Инициализация
2024-12-23 05:07:46,600 - __main__ - INFO - Запуск
2024-12-23 05:08:45,973 - __main__ - INFO - Инициализация
2024-12-23 05:08:46,131 - __main__ - INFO - Запуск
2024-12-23 05:12:27,651 - __main__ - INFO - Инициализация
2024-12-23 05:12:27,795 - __main__ - INFO - Запуск
2024-12-23 05:14:27,986 - __main__ - INFO - Инициализация
2024-12-23 05:14:28,187 - __main__ - INFO - Запуск
2024-12-23 05:19:36,459 - __main__ - INFO - Инициализация
2024-12-23 05:19:36,546 - __main__ - INFO - Запуск
2024-12-23 05:20:12,372 - __main__ - INFO - Инициализация
2024-12-23 05:20:12,485 - __main__ - INFO - Запуск
2024-12-23 05:20:36,733 - __main__ - INFO - Инициализация
2024-12-23 05:20:36,831 - __main__ - INFO - Запуск
2024-12-23 05:21:04,324 - __main__ - INFO - Инициализация
2024-12-23 05:21:04,439 - __main__ - INFO - Запуск
2024-12-23 05:22:23,725 - __main__ - INFO - Инициализация
2024-12-23 05:22:23,843 - __main__ - INFO - Запуск
2024-12-23 05:24:04,350 - __main__ - INFO - Инициализация
2024-12-23 05:24:04,491 - __main__ - INFO - Запуск
2024-12-23 05:28:55,971 - __main__ - INFO - Инициализация
2024-12-23 05:28:56,067 - __main__ - INFO - Запуск
2024-12-23 05:31:24,745 - __main__ - INFO - Инициализация
2024-12-23 05:31:24,842 - __main__ - INFO - Запуск
2024-12-23 05:37:47,608 - __main__ - INFO - Инициализация
2024-12-23 05:37:47,726 - __main__ - INFO - Запуск
2024-12-23 05:39:11,135 - __main__ - INFO - Инициализация
2024-12-23 05:39:11,283 - __main__ - INFO - Запуск
2024-12-23 05:39:44,013 - __main__ - INFO - Инициализация
2024-12-23 05:39:44,113 - __main__ - INFO - Запуск
2024-12-23 05:40:51,476 - __main__ - INFO - Инициализация
2024-12-23 05:40:51,575 - __main__ - INFO - Запуск
2024-12-23 05:42:00,783 - __main__ - INFO - Инициализация
2024-12-23 05:42:00,879 - __main__ - INFO - Запуск
2024-12-23 05:42:39,139 - __main__ - INFO - Инициализация
2024-12-23 05:42:39,239 - __main__ - INFO - Запуск
2024-12-23 05:43:06,307 - src.database.orm.shops - ERROR - Failed to purchase slot 8: (sqlalchemy.dialects.postgresql.asyncpg.IntegrityError) <class 'asyncpg.exceptions.UniqueViolationError'>: duplicate key value violates unique constraint "user_wife_association_pkey"
DETAIL:  Key (user_id, wife_id)=(1, 30) already exists.
[SQL: INSERT INTO user_wife_association (user_id, wife_id) VALUES ($1::BIGINT, $2::BIGINT)]
[parameters: (1, 30)]
(Background on this error at: https://sqlalche.me/e/20/gkpj)
2024-12-23 05:44:36,172 - __main__ - INFO - Инициализация
2024-12-23 05:44:36,348 - __main__ - INFO - Запуск
2024-12-23 05:44:44,237 - src.database.orm.shops - ERROR - Failed to purchase slot 8: (sqlalchemy.dialects.postgresql.asyncpg.IntegrityError) <class 'asyncpg.exceptions.UniqueViolationError'>: duplicate key value violates unique constraint "user_wife_association_pkey"
DETAIL:  Key (user_id, wife_id)=(1, 30) already exists.
[SQL: INSERT INTO user_wife_association (user_id, wife_id) VALUES ($1::BIGINT, $2::BIGINT)]
[parameters: (1, 30)]
(Background on this error at: https://sqlalche.me/e/20/gkpj)
2024-12-23 05:48:00,721 - __main__ - INFO - Инициализация
2024-12-23 05:48:00,810 - __main__ - INFO - Запуск
2024-12-23 05:49:22,908 - __main__ - INFO - Инициализация
2024-12-23 05:49:23,135 - __main__ - INFO - Запуск
2024-12-23 05:49:53,021 - __main__ - INFO - Инициализация
2024-12-23 05:49:53,147 - __main__ - INFO - Запуск
2024-12-23 05:52:42,339 - __main__ - INFO - Инициализация
2024-12-23 05:52:42,444 - __main__ - INFO - Запуск
2024-12-23 05:54:20,911 - __main__ - INFO - Инициализация
2024-12-23 05:54:21,036 - __main__ - INFO - Запуск
2024-12-23 05:54:39,713 - __main__ - INFO - Инициализация
2024-12-23 05:54:39,824 - __main__ - INFO - Запуск
2024-12-23 06:02:58,492 - __main__ - INFO - Инициализация
2024-12-23 06:02:58,588 - __main__ - INFO - Запуск
2024-12-23 06:05:06,900 - __main__ - INFO - Инициализация
2024-12-23 06:05:06,970 - __main__ - INFO - Запуск
2024-12-23 06:20:52,223 - __main__ - INFO - Инициализация
2024-12-23 06:20:52,367 - __main__ - INFO - Запуск
2024-12-23 06:21:20,878 - __main__ - INFO - Инициализация
2024-12-23 06:21:20,960 - __main__ - INFO - Запуск
2024-12-23 06:22:10,729 - __main__ - INFO - Инициализация
2024-12-23 06:22:10,815 - __main__ - INFO - Запуск
2024-12-23 06:23:31,519 - __main__ - INFO - Инициализация
2024-12-23 06:23:31,593 - __main__ - INFO - Запуск
2024-12-23 06:24:42,513 - __main__ - INFO - Инициализация
2024-12-23 06:24:42,604 - __main__ - INFO - Запуск
2024-12-23 06:31:57,684 - __main__ - INFO - Инициализация
2024-12-23 06:31:57,759 - __main__ - INFO - Запуск
2024-12-23 06:34:24,482 - __main__ - INFO - Инициализация
2024-12-23 06:34:24,556 - __main__ - INFO - Запуск
2024-12-23 06:37:20,112 - __main__ - INFO - Инициализация
2024-12-23 06:37:20,204 - __main__ - INFO - Запуск
2024-12-26 20:16:08,089 - __main__ - INFO - Инициализация
2024-12-26 20:16:08,312 - __main__ - INFO - Запуск
2024-12-26 20:17:06,160 - __main__ - INFO - Инициализация
2024-12-26 20:17:06,253 - __main__ - INFO - Запуск
2024-12-26 20:57:14,550 - __main__ - INFO - Инициализация
2024-12-26 20:57:14,662 - __main__ - INFO - Запуск
2024-12-26 20:58:04,722 - __main__ - INFO - Инициализация
2024-12-26 20:58:04,814 - __main__ - INFO - Запуск
2024-12-26 20:59:00,234 - __main__ - INFO - Инициализация
2024-12-26 20:59:00,388 - __main__ - INFO - Запуск
2024-12-26 21:01:29,595 - __main__ - INFO - Инициализация
2024-12-26 21:01:29,682 - __main__ - INFO - Запуск
2024-12-26 21:02:24,545 - __main__ - INFO - Инициализация
2024-12-26 21:02:24,670 - __main__ - INFO - Запуск
2024-12-26 21:06:58,734 - __main__ - INFO - Инициализация
2024-12-26 21:06:58,813 - __main__ - INFO - Запуск
2024-12-26 21:08:45,321 - __main__ - INFO - Инициализация
2024-12-26 21:08:45,410 - __main__ - INFO - Запуск
2024-12-26 21:09:24,534 - __main__ - INFO - Инициализация
2024-12-26 21:09:24,640 - __main__ - INFO - Запуск
2024-12-26 21:11:43,851 - __main__ - INFO - Инициализация
2024-12-26 21:11:43,979 - __main__ - INFO - Запуск
2024-12-26 21:18:08,486 - __main__ - INFO - Инициализация
2024-12-26 21:18:08,585 - __main__ - INFO - Запуск
2024-12-26 21:19:08,469 - __main__ - INFO - Инициализация
2024-12-26 21:19:08,565 - __main__ - INFO - Запуск
2024-12-27 00:29:58,120 - __main__ - INFO - Инициализация
2024-12-27 00:29:58,263 - __main__ - INFO - Запуск
2024-12-27 00:34:22,821 - __main__ - INFO - Инициализация
2024-12-27 00:34:22,907 - __main__ - INFO - Запуск
2024-12-27 00:53:57,731 - __main__ - INFO - Инициализация
2024-12-27 00:53:57,919 - __main__ - INFO - Запуск
2024-12-27 00:54:22,293 - src.spammer.services - WARNING - Telegram server says - Bad Request: chat not found
2024-12-27 00:58:29,345 - __main__ - INFO - Инициализация
2024-12-27 00:58:29,438 - __main__ - INFO - Запуск
2024-12-27 00:58:40,418 - src.spammer.services - WARNING - Telegram server says - Bad Request: chat not found
2024-12-27 00:59:27,987 - __main__ - INFO - Инициализация
2024-12-27 00:59:28,080 - __main__ - INFO - Запуск
2024-12-27 00:59:33,203 - src.spammer.services - WARNING - Telegram server says - Bad Request: chat not found
2024-12-27 01:00:30,793 - __main__ - INFO - Инициализация
2024-12-27 01:00:30,925 - __main__ - INFO - Запуск
2024-12-27 01:00:33,776 - src.spammer.services - WARNING - Telegram server says - Bad Request: chat not found
2024-12-27 01:12:06,513 - __main__ - INFO - Инициализация
2024-12-27 01:12:06,647 - __main__ - INFO - Запуск
2024-12-27 01:12:47,190 - __main__ - INFO - Инициализация
2024-12-27 01:12:47,296 - __main__ - INFO - Запуск
2024-12-27 01:13:47,143 - __main__ - INFO - Инициализация
2024-12-27 01:13:47,242 - __main__ - INFO - Запуск
2024-12-27 01:15:53,021 - __main__ - INFO - Инициализация
2024-12-27 01:15:53,098 - __main__ - INFO - Запуск
2024-12-27 01:16:34,215 - __main__ - INFO - Инициализация
2024-12-27 01:16:34,340 - __main__ - INFO - Запуск
2024-12-27 01:16:44,301 - src.spammer.services - WARNING - Telegram server says - Bad Request: chat not found
2024-12-27 01:16:55,671 - src.spammer.services - WARNING - Telegram server says - Bad Request: chat not found
2024-12-27 01:16:55,671 - src.spammer.services - WARNING - Telegram server says - Bad Request: chat not found
